   Compiling proc-macro2 v1.0.106
   Compiling quote v1.0.45
   Compiling unicode-ident v1.0.24
   Compiling siphasher v1.0.3
   Compiling libc v0.2.186
   Compiling memchr v2.8.0
   Compiling fnv v1.0.7
   Compiling ident_case v1.0.1
   Compiling rand_core v0.6.4
   Compiling rustversion v1.0.22
   Compiling bitflags v2.11.1
   Compiling heck v0.5.0
   Compiling konst_macro_rules v0.2.19
   Compiling unicode-xid v0.2.6
   Compiling scopeguard v1.2.0
   Compiling bun_opaque v0.0.0 (/data/projects/bun/src/opaque)
   Compiling allocator-api2 v0.2.21
   Compiling thiserror v2.0.18
   Compiling itoa v1.0.18
   Compiling bun_output_tags v0.0.0 (/data/projects/bun/src/bun_output_tags)
   Compiling typed-arena v2.0.2
   Compiling bumpalo v3.20.2
   Compiling twox-hash v2.1.2
   Compiling bun_core v0.0.0 (/data/projects/bun/src/bun_core)
   Compiling bytemuck v1.25.0
   Compiling smallvec v1.15.1
   Compiling bun_windows_sys v0.0.0 (/data/projects/bun/src/windows_sys)
   Compiling paste v1.0.15
   Compiling rustix v0.38.44
   Compiling linux-raw-sys v0.4.15
   Compiling cfg-if v1.0.4
   Compiling fastrand v2.4.1
   Compiling dtoa v1.0.11
   Compiling stable_deref_trait v1.2.1
   Compiling new_debug_unreachable v1.0.6
   Compiling equivalent v1.0.2
   Compiling foldhash v0.2.0
   Compiling log v0.4.29
   Compiling rustc-hash v2.1.2
   Compiling precomputed-hash v0.1.1
   Compiling lol_html_c_api v1.3.1 (/data/projects/bun/vendor/lolhtml/c-api)
   Compiling mime v0.3.17
   Compiling bun_install v0.0.0 (/data/projects/bun/src/install)
   Compiling bun_jsc v0.0.0 (/data/projects/bun/src/jsc)
   Compiling version_check v0.9.5
   Compiling typenum v1.20.0
   Compiling crossbeam-utils v0.8.21
   Compiling serde_core v1.0.228
   Compiling zerocopy v0.8.48
   Compiling subtle v2.6.1
   Compiling autocfg v1.5.0
   Compiling serde v1.0.228
   Compiling zmij v1.0.21
   Compiling getrandom v0.4.2
   Compiling either v1.15.0
   Compiling byteorder v1.5.0
   Compiling arrayvec v0.7.6
   Compiling constant_time_eq v0.4.2
   Compiling rayon-core v1.13.0
   Compiling serde_json v1.0.149
   Compiling arrayref v0.3.9
   Compiling base64 v0.22.1
   Compiling ciborium-io v0.2.2
   Compiling plotters-backend v0.3.7
   Compiling anstyle v1.0.14
   Compiling zeroize v1.8.2
   Compiling bun_runtime v0.0.0 (/data/projects/bun/src/runtime)
   Compiling keccak v0.1.6
   Compiling regex-syntax v0.8.10
   Compiling clap_lex v1.1.0
   Compiling same-file v1.0.6
   Compiling cast v0.3.0
   Compiling anes v0.1.6
   Compiling once_cell v1.21.4
   Compiling oorandom v11.1.5
   Compiling rand v0.8.6
   Compiling phf_shared v0.11.3
   Compiling phf_shared v0.13.1
   Compiling konst v0.2.20
   Compiling encoding_rs v0.8.35
   Compiling dtoa-short v0.3.5
   Compiling servo_arc v0.4.3
   Compiling clap_builder v4.6.0
   Compiling hashbrown v0.15.5
   Compiling bstr v1.12.1
   Compiling hashbrown v0.16.1
   Compiling aho-corasick v1.1.4
   Compiling blake2b_simd v1.0.4
   Compiling walkdir v2.5.0
   Compiling bun_hash v0.0.0 (/data/projects/bun/src/hash)
   Compiling itertools v0.10.5
   Compiling generic-array v0.14.7
   Compiling phf_generator v0.11.3
   Compiling phf_generator v0.13.1
   Compiling num-traits v0.2.19
   Compiling plotters-svg v0.3.7
   Compiling phf_codegen v0.13.1
   Compiling selectors v0.33.0
   Compiling crossbeam-epoch v0.9.18
   Compiling rust-argon2 v3.0.0
   Compiling syn v2.0.117
   Compiling const_format_proc_macros v0.2.34
   Compiling crossbeam-deque v0.8.6
   Compiling crypto-common v0.1.7
   Compiling block-buffer v0.10.4
   Compiling inout v0.1.4
   Compiling cipher v0.4.4
   Compiling digest v0.10.7
   Compiling plotters v0.3.7
   Compiling criterion-plot v0.5.0
   Compiling blake2 v0.10.6
   Compiling sha3 v0.10.9
   Compiling blowfish v0.9.1
   Compiling regex-automata v0.4.14
   Compiling rayon v1.12.0
   Compiling errno v0.3.14
   Compiling is-terminal v0.4.17
   Compiling const_format v0.2.36
   Compiling clap v4.6.1
   Compiling bcrypt v0.19.0
   Compiling regex v1.12.3
   Compiling darling_core v0.21.3
   Compiling enum-map-derive v0.17.0
   Compiling strum_macros v0.26.4
   Compiling phf_macros v0.11.3
   Compiling thiserror-impl v2.0.18
   Compiling bun_dispatch v0.0.0 (/data/projects/bun/src/dispatch)
   Compiling bun_core_macros v0.0.0 (/data/projects/bun/src/bun_core_macros)
   Compiling bun_jsc_macros v0.0.0 (/data/projects/bun/src/jsc_macros)
   Compiling phf_macros v0.13.1
   Compiling derive_more-impl v2.1.1
   Compiling cssparser-macros v0.6.1
   Compiling bun_css_derive v0.0.0 (/data/projects/bun/src/css_derive)
   Compiling bun_clap_macros v0.0.0 (/data/projects/bun/src/clap_macros)
   Compiling zerocopy-derive v0.8.48
   Compiling serde_derive v1.0.228
   Compiling enum-map v2.7.3
   Compiling phf v0.11.3
   Compiling phf v0.13.1
   Compiling cssparser v0.36.0
   Compiling darling_macro v0.21.3
   Compiling derive_more v2.1.1
   Compiling strum v0.26.3
   Compiling darling v0.21.3
   Compiling enumset_derive v0.14.0
   Compiling lol_html v2.7.2 (/data/projects/bun/vendor/lolhtml)
   Compiling tinytemplate v1.2.1
   Compiling enumset v1.1.10
   Compiling bun_wyhash v0.0.0 (/data/projects/bun/src/wyhash)
   Compiling bun_mimalloc_sys v0.0.0 (/data/projects/bun/src/mimalloc_sys)
   Compiling bun_highway v0.0.0 (/data/projects/bun/src/highway)
   Compiling bun_simdutf_sys v0.0.0 (/data/projects/bun/src/simdutf_sys)
   Compiling bun_libuv_sys v0.0.0 (/data/projects/bun/src/libuv_sys)
   Compiling bun_brotli_sys v0.0.0 (/data/projects/bun/src/brotli_sys)
   Compiling bun_js v0.0.0 (/data/projects/bun/src/js)
   Compiling bun_picohttp_sys v0.0.0 (/data/projects/bun/src/picohttp_sys)
   Compiling bun_meta v0.0.0 (/data/projects/bun/src/meta)
   Compiling bun_node-fallbacks v0.0.0 (/data/projects/bun/src/node-fallbacks)
   Compiling bun_alloc v0.0.0 (/data/projects/bun/src/bun_alloc)
   Compiling bun_libdeflate_sys v0.0.0 (/data/projects/bun/src/libdeflate_sys)
   Compiling half v2.7.1
   Compiling ciborium-ll v0.2.2
   Compiling ciborium v0.2.2
   Compiling criterion v0.5.1
warning: unreachable `pub` item
    --> src/bun_core/output.rs:1647:9
     |
1647 |         pub static $name: $crate::output::ScopedLogger = $crate::output::ScopedLogger::new(
     |         ---^^^^^^^^^^^^^^^^^^^^^^^^^^^^^^^^^^^^^^^^^^^
     |         |
     |         help: consider restricting its visibility: `pub(super)`
     |
    ::: src/bun_core/string/immutable/unicode.rs:23:1
     |
  23 | crate::declare_scope!(strings, hidden);
     | -------------------------------------- in this macro invocation
     |
     = help: or consider exporting it for use by other crates
note: the lint level is defined here
    --> src/bun_core/lib.rs:11:26
     |
  11 | #![warn(unused_must_use, unreachable_pub)]
     |                          ^^^^^^^^^^^^^^^
     = note: this warning originates in the macro `crate::declare_scope` (in Nightly builds, run with -Z macro-backtrace for more info)

warning: unreachable `pub` item
    --> src/bun_core/string/immutable/unicode.rs:1507:5
     |
1506 | pub use crate::strings::{
     | --- help: consider restricting its visibility: `pub(super)`
1507 |     U16_SURROGATE_OFFSET, decode_surrogate_pair, decode_utf16_with_fffd, decode_wtf16_raw,
     |     ^^^^^^^^^^^^^^^^^^^^
     |
     = help: or consider exporting it for use by other crates

warning: unreachable `pub` item
    --> src/bun_core/string/immutable/unicode.rs:1507:27
     |
1506 | pub use crate::strings::{
     | --- help: consider restricting its visibility: `pub(super)`
1507 |     U16_SURROGATE_OFFSET, decode_surrogate_pair, decode_utf16_with_fffd, decode_wtf16_raw,
     |                           ^^^^^^^^^^^^^^^^^^^^^
     |
     = help: or consider exporting it for use by other crates

warning: unreachable `pub` item
    --> src/bun_core/string/immutable/unicode.rs:1507:50
     |
1506 | pub use crate::strings::{
     | --- help: consider restricting its visibility: `pub(super)`
1507 |     U16_SURROGATE_OFFSET, decode_surrogate_pair, decode_utf16_with_fffd, decode_wtf16_raw,
     |                                                  ^^^^^^^^^^^^^^^^^^^^^^
     |
     = help: or consider exporting it for use by other crates

warning: unreachable `pub` item
    --> src/bun_core/string/immutable/unicode.rs:1507:74
     |
1506 | pub use crate::strings::{
     | --- help: consider restricting its visibility: `pub(super)`
1507 |     U16_SURROGATE_OFFSET, decode_surrogate_pair, decode_utf16_with_fffd, decode_wtf16_raw,
     |                                                                          ^^^^^^^^^^^^^^^^
     |
     = help: or consider exporting it for use by other crates

warning: unreachable `pub` item
    --> src/bun_core/string/immutable/unicode.rs:1508:5
     |
1506 | pub use crate::strings::{
     | --- help: consider restricting its visibility: `pub(super)`
1507 |     U16_SURROGATE_OFFSET, decode_surrogate_pair, decode_utf16_with_fffd, decode_wtf16_raw,
1508 |     u16_get_supplementary, u16_is_lead, u16_is_surrogate, u16_is_trail,
     |     ^^^^^^^^^^^^^^^^^^^^^
     |
     = help: or consider exporting it for use by other crates

warning: unreachable `pub` item
    --> src/bun_core/string/immutable/unicode.rs:1508:41
     |
1506 | pub use crate::strings::{
     | --- help: consider restricting its visibility: `pub(super)`
1507 |     U16_SURROGATE_OFFSET, decode_surrogate_pair, decode_utf16_with_fffd, decode_wtf16_raw,
1508 |     u16_get_supplementary, u16_is_lead, u16_is_surrogate, u16_is_trail,
     |                                         ^^^^^^^^^^^^^^^^
     |
     = help: or consider exporting it for use by other crates

warning: unreachable `pub` item
    --> src/bun_core/lib.rs:2159:5
     |
2159 |     pub fn is_ip_address(input: &[u8]) -> bool {
     |     ---^^^^^^^^^^^^^^^^^^^^^^^^^^^^^^^^^^^^^^^
     |     |
     |     help: consider restricting its visibility: `pub(crate)`
     |
     = help: or consider exporting it for use by other crates

   Compiling bun_paths v0.0.0 (/data/projects/bun/src/paths)
   Compiling bun_ptr v0.0.0 (/data/projects/bun/src/ptr)
   Compiling bun_errno v0.0.0 (/data/projects/bun/src/errno)
   Compiling bun_boringssl_sys v0.0.0 (/data/projects/bun/src/boringssl_sys)
   Compiling bun_safety v0.0.0 (/data/projects/bun/src/safety)
   Compiling bun_zlib_sys v0.0.0 (/data/projects/bun/src/zlib_sys)
   Compiling bun_cares_sys v0.0.0 (/data/projects/bun/src/cares_sys)
   Compiling bun_zstd v0.0.0 (/data/projects/bun/src/zstd)
   Compiling bun_lolhtml_sys v0.0.0 (/data/projects/bun/src/lolhtml_sys)
   Compiling bun_picohttp v0.0.0 (/data/projects/bun/src/picohttp)
   Compiling bun_output v0.0.0 (/data/projects/bun/src/output)
   Compiling bun_clap v0.0.0 (/data/projects/bun/src/clap)
   Compiling bun_valkey v0.0.0 (/data/projects/bun/src/valkey)
   Compiling bun_platform v0.0.0 (/data/projects/bun/src/platform)
   Compiling bun_codegen v0.0.0 (/data/projects/bun/src/codegen)
   Compiling bun_libarchive_sys v0.0.0 (/data/projects/bun/src/libarchive_sys)
warning: ambiguous glob re-exports
  --> src/paths/lib.rs:39:13
   |
39 |     pub use super::string_paths::*;
   |             ^^^^^^^^^^^^^^^^^^^^^^ the name `is_windows_absolute_path_missing_drive_letter` in the value namespace is first re-exported here
40 |     pub use bun_core::strings::*;
   |             -------------------- but the name `is_windows_absolute_path_missing_drive_letter` in the value namespace is also re-exported here
   |
   = note: `#[warn(ambiguous_glob_reexports)]` on by default

warning: ambiguous glob re-exports
  --> src/paths/lib.rs:39:13
   |
39 |     pub use super::string_paths::*;
   |             ^^^^^^^^^^^^^^^^^^^^^^ the name `basename` in the value namespace is first re-exported here
40 |     pub use bun_core::strings::*;
   |             -------------------- but the name `basename` in the value namespace is also re-exported here

warning: `bun_core` (lib) generated 8 warnings (run `cargo fix --lib -p bun_core` to apply 7 suggestions)
   Compiling bun_collections v0.0.0 (/data/projects/bun/src/collections)
   Compiling bun_tcc_sys v0.0.0 (/data/projects/bun/src/tcc_sys)
   Compiling bun_sys v0.0.0 (/data/projects/bun/src/sys)
warning: `bun_paths` (lib) generated 2 warnings
   Compiling bun_url v0.0.0 (/data/projects/bun/src/url)
   Compiling bun_semver v0.0.0 (/data/projects/bun/src/semver)
   Compiling bun_base64 v0.0.0 (/data/projects/bun/src/base64)
   Compiling bun_shell_parser v0.0.0 (/data/projects/bun/src/shell_parser)
   Compiling bun_unicode v0.0.0 (/data/projects/bun/src/unicode)
   Compiling bun_http_types v0.0.0 (/data/projects/bun/src/http_types)
   Compiling bun_threading v0.0.0 (/data/projects/bun/src/threading)
   Compiling bun_ast v0.0.0 (/data/projects/bun/src/ast)
   Compiling bun_which v0.0.0 (/data/projects/bun/src/which)
   Compiling bun_libarchive v0.0.0 (/data/projects/bun/src/libarchive)
   Compiling bun_boringssl v0.0.0 (/data/projects/bun/src/boringssl)
   Compiling bun_glob v0.0.0 (/data/projects/bun/src/glob)
   Compiling bun_perf v0.0.0 (/data/projects/bun/src/perf)
   Compiling bun_md v0.0.0 (/data/projects/bun/src/md)
   Compiling bun_dns v0.0.0 (/data/projects/bun/src/dns)
   Compiling bun_analytics v0.0.0 (/data/projects/bun/src/analytics)
   Compiling bun_sha_hmac v0.0.0 (/data/projects/bun/src/sha_hmac)
warning: unused import: `strings`
  --> src/ast/expr.rs:13:22
   |
13 | use bun_core::{ZStr, strings};
   |                      ^^^^^^^
   |
   = note: `#[warn(unused_imports)]` (part of `#[warn(unused)]`) on by default

   Compiling bun_exe_format v0.0.0 (/data/projects/bun/src/exe_format)
   Compiling bun_sql v0.0.0 (/data/projects/bun/src/sql)
   Compiling bun_csrf v0.0.0 (/data/projects/bun/src/csrf)
   Compiling bun_watcher v0.0.0 (/data/projects/bun/src/watcher)
   Compiling bun_uws_sys v0.0.0 (/data/projects/bun/src/uws_sys)
   Compiling bun_s3_signing v0.0.0 (/data/projects/bun/src/s3_signing)
   Compiling bun_spawn_sys v0.0.0 (/data/projects/bun/src/spawn_sys)
warning: unreachable `pub` item
  --> src/sql/postgres/SocketMonitor.rs:21:9
   |
21 |           pub static ENABLED: AtomicBool = AtomicBool::new(false);
   |           ---^^^^^^^^^^^^^^^^^^^^^^^^^^^
   |           |
   |           help: consider restricting its visibility: `pub(super)`
...
53 | /     debug_socket_monitor!(
54 | |         bun_core::env_var::BUN_POSTGRES_SOCKET_MONITOR,
55 | |         "writing to {}"
56 | |     );
   | |_____- in this macro invocation
   |
   = help: or consider exporting it for use by other crates
note: the lint level is defined here
  --> src/sql/lib.rs:9:9
   |
 9 | #![warn(unreachable_pub)]
   |         ^^^^^^^^^^^^^^^
   = note: this warning originates in the macro `debug_socket_monitor` (in Nightly builds, run with -Z macro-backtrace for more info)

warning: unreachable `pub` item
  --> src/sql/postgres/SocketMonitor.rs:25:9
   |
25 |           pub static CHECK: Once = Once::new();
   |           ---^^^^^^^^^^^^^^^^^^^
   |           |
   |           help: consider restricting its visibility: `pub(super)`
...
53 | /     debug_socket_monitor!(
54 | |         bun_core::env_var::BUN_POSTGRES_SOCKET_MONITOR,
55 | |         "writing to {}"
56 | |     );
   | |_____- in this macro invocation
   |
   = help: or consider exporting it for use by other crates
   = note: this warning originates in the macro `debug_socket_monitor` (in Nightly builds, run with -Z macro-backtrace for more info)

warning: unreachable `pub` item
  --> src/sql/postgres/SocketMonitor.rs:27:9
   |
27 |           pub fn load() {
   |           ---^^^^^^^^^^
   |           |
   |           help: consider restricting its visibility: `pub(super)`
...
53 | /     debug_socket_monitor!(
54 | |         bun_core::env_var::BUN_POSTGRES_SOCKET_MONITOR,
55 | |         "writing to {}"
56 | |     );
   | |_____- in this macro invocation
   |
   = help: or consider exporting it for use by other crates
   = note: this warning originates in the macro `debug_socket_monitor` (in Nightly builds, run with -Z macro-backtrace for more info)

warning: unreachable `pub` item
  --> src/sql/postgres/SocketMonitor.rs:43:9
   |
43 |           pub fn write(data: &[u8]) {
   |           ---^^^^^^^^^^^^^^^^^^^^^^
   |           |
   |           help: consider restricting its visibility: `pub(super)`
...
53 | /     debug_socket_monitor!(
54 | |         bun_core::env_var::BUN_POSTGRES_SOCKET_MONITOR,
55 | |         "writing to {}"
56 | |     );
   | |_____- in this macro invocation
   |
   = help: or consider exporting it for use by other crates
   = note: this warning originates in the macro `debug_socket_monitor` (in Nightly builds, run with -Z macro-backtrace for more info)

warning: unreachable `pub` item
  --> src/sql/postgres/SocketMonitor.rs:21:9
   |
21 |           pub static ENABLED: AtomicBool = AtomicBool::new(false);
   |           ---^^^^^^^^^^^^^^^^^^^^^^^^^^^
   |           |
   |           help: consider restricting its visibility: `pub(super)`
...
61 | /     debug_socket_monitor!(
62 | |         bun_core::env_var::BUN_POSTGRES_SOCKET_MONITOR_READER,
63 | |         "duplicating reads to {}"
64 | |     );
   | |_____- in this macro invocation
   |
   = help: or consider exporting it for use by other crates
   = note: this warning originates in the macro `debug_socket_monitor` (in Nightly builds, run with -Z macro-backtrace for more info)

warning: unreachable `pub` item
  --> src/sql/postgres/SocketMonitor.rs:25:9
   |
25 |           pub static CHECK: Once = Once::new();
   |           ---^^^^^^^^^^^^^^^^^^^
   |           |
   |           help: consider restricting its visibility: `pub(super)`
...
61 | /     debug_socket_monitor!(
62 | |         bun_core::env_var::BUN_POSTGRES_SOCKET_MONITOR_READER,
63 | |         "duplicating reads to {}"
64 | |     );
   | |_____- in this macro invocation
   |
   = help: or consider exporting it for use by other crates
   = note: this warning originates in the macro `debug_socket_monitor` (in Nightly builds, run with -Z macro-backtrace for more info)

warning: unreachable `pub` item
  --> src/sql/postgres/SocketMonitor.rs:27:9
   |
27 |           pub fn load() {
   |           ---^^^^^^^^^^
   |           |
   |           help: consider restricting its visibility: `pub(super)`
...
61 | /     debug_socket_monitor!(
62 | |         bun_core::env_var::BUN_POSTGRES_SOCKET_MONITOR_READER,
63 | |         "duplicating reads to {}"
64 | |     );
   | |_____- in this macro invocation
   |
   = help: or consider exporting it for use by other crates
   = note: this warning originates in the macro `debug_socket_monitor` (in Nightly builds, run with -Z macro-backtrace for more info)

warning: unreachable `pub` item
  --> src/sql/postgres/SocketMonitor.rs:43:9
   |
43 |           pub fn write(data: &[u8]) {
   |           ---^^^^^^^^^^^^^^^^^^^^^^
   |           |
   |           help: consider restricting its visibility: `pub(super)`
...
61 | /     debug_socket_monitor!(
62 | |         bun_core::env_var::BUN_POSTGRES_SOCKET_MONITOR_READER,
63 | |         "duplicating reads to {}"
64 | |     );
   | |_____- in this macro invocation
   |
   = help: or consider exporting it for use by other crates
   = note: this warning originates in the macro `debug_socket_monitor` (in Nightly builds, run with -Z macro-backtrace for more info)

   Compiling bun_io v0.0.0 (/data/projects/bun/src/io)
   Compiling bun_uws v0.0.0 (/data/projects/bun/src/uws)
warning: `bun_sql` (lib) generated 8 warnings
   Compiling bun_zlib v0.0.0 (/data/projects/bun/src/zlib)
   Compiling bun_brotli v0.0.0 (/data/projects/bun/src/brotli)
   Compiling bun_dotenv v0.0.0 (/data/projects/bun/src/dotenv)
   Compiling bun_install_types v0.0.0 (/data/projects/bun/src/install_types)
   Compiling bun_parsers v0.0.0 (/data/projects/bun/src/parsers)
   Compiling bun_css v0.0.0 (/data/projects/bun/src/css)
warning: `bun_ast` (lib) generated 1 warning (run `cargo fix --lib -p bun_ast` to apply 1 suggestion)
   Compiling bun_options_types v0.0.0 (/data/projects/bun/src/options_types)
   Compiling bun_event_loop v0.0.0 (/data/projects/bun/src/event_loop)
   Compiling bun_http v0.0.0 (/data/projects/bun/src/http)
   Compiling bun_crash_handler v0.0.0 (/data/projects/bun/src/crash_handler)
   Compiling bun_resolve_builtins v0.0.0 (/data/projects/bun/src/resolve_builtins)
   Compiling bun_api v0.0.0 (/data/projects/bun/src/api)
   Compiling bun_sourcemap v0.0.0 (/data/projects/bun/src/sourcemap)
   Compiling bun_js_parser v0.0.0 (/data/projects/bun/src/js_parser)
   Compiling bun_js_printer v0.0.0 (/data/projects/bun/src/js_printer)
   Compiling bun_spawn v0.0.0 (/data/projects/bun/src/spawn)
warning: unused import: `RefCounted`
 --> src/spawn/static_pipe_writer.rs:8:48
  |
8 | use bun_ptr::{IntrusiveRc, RawSlice, RefCount, RefCounted};
  |                                                ^^^^^^^^^^
  |
  = note: `#[warn(unused_imports)]` (part of `#[warn(unused)]`) on by default

warning: use of deprecated method `bun_collections::HiveArrayFallback::<T, CAPACITY>::get`: returns *mut T to uninitialized memory; use get_init / emplace / claim
   --> src/js_printer/renamer.rs:689:58
    |
689 |         let s: *mut NumberScope = self.number_scope_pool.get();
    |                                                          ^^^
    |
    = note: `#[warn(deprecated)]` on by default

warning: use of deprecated method `bun_collections::HiveArrayFallback::<T, CAPACITY>::get`: returns *mut T to uninitialized memory; use get_init / emplace / claim
   --> src/js_printer/renamer.rs:753:80
    |
753 |                 let new_child_scope: *mut NumberScope = self.number_scope_pool.get();
    |                                                                                ^^^

   Compiling bun_patch v0.0.0 (/data/projects/bun/src/patch)
warning: `bun_spawn` (lib) generated 1 warning (run `cargo fix --lib -p bun_spawn` to apply 1 suggestion)
warning: `bun_js_printer` (lib) generated 2 warnings
   Compiling bun_resolver v0.0.0 (/data/projects/bun/src/resolver)
   Compiling bun_ini v0.0.0 (/data/projects/bun/src/ini)
warning: unreachable `pub` item
   --> src/resolver/fs.rs:167:1
    |
167 | pub type EntryStoreBacking = allocators::BSSList<Entry, { preallocate::counts::FILES * 2 }>;
    | ---^^^^^^^^^^^^^^^^^^^^^^^
    | |
    | help: consider restricting its visibility: `pub(crate)`
    |
    = help: or consider exporting it for use by other crates
note: the lint level is defined here
   --> src/resolver/lib.rs:33:9
    |
 33 | #![warn(unreachable_pub)]
    |         ^^^^^^^^^^^^^^^

   Compiling bun_router v0.0.0 (/data/projects/bun/src/router)
warning: `bun_resolver` (lib) generated 1 warning (run `cargo fix --lib -p bun_resolver` to apply 1 suggestion)
   Compiling bun_bundler v0.0.0 (/data/projects/bun/src/bundler)
   Compiling bun_standalone_graph v0.0.0 (/data/projects/bun/src/standalone_graph)
   Compiling bun_transpiler v0.0.0 (/data/projects/bun/src/transpiler)
   Compiling bun_bunfig v0.0.0 (/data/projects/bun/src/bunfig)
warning: use of deprecated method `bun_collections::HiveArrayFallback::<T, CAPACITY>::get`: returns *mut T to uninitialized memory; use get_init / emplace / claim
   --> src/install/PackageManager/PackageManagerEnqueue.rs:358:48
    |
358 |     let task = this.preallocated_resolve_tasks.get();
    |                                                ^^^
    |
    = note: `#[warn(deprecated)]` on by default

warning: use of deprecated method `bun_collections::HiveArrayFallback::<T, CAPACITY>::get`: returns *mut T to uninitialized memory; use get_init / emplace / claim
    --> src/install/PackageManager/PackageManagerEnqueue.rs:1659:48
     |
1659 |     let task = this.preallocated_resolve_tasks.get();
     |                                                ^^^

warning: use of deprecated method `bun_collections::HiveArrayFallback::<T, CAPACITY>::get`: returns *mut T to uninitialized memory; use get_init / emplace / claim
    --> src/install/PackageManager/PackageManagerEnqueue.rs:1803:48
     |
1803 |     let task = this.preallocated_resolve_tasks.get();
     |                                                ^^^

warning: use of deprecated method `bun_collections::HiveArrayFallback::<T, CAPACITY>::get`: returns *mut T to uninitialized memory; use get_init / emplace / claim
    --> src/install/PackageManager/runTasks.rs:1711:37
     |
1711 |     this.preallocated_network_tasks.get()
     |                                     ^^^

warning: `bun_install` (lib) generated 4 warnings
warning: unnecessary `unsafe` block
    --> src/jsc/VirtualMachine.rs:1515:17
     |
1515 |                 unsafe { (hook.func)(hook.ctx) };
     |                 ^^^^^^ unnecessary `unsafe` block
     |
     = note: `#[warn(unused_unsafe)]` (part of `#[warn(unused)]`) on by default

warning: type `js_secrets::SecretsCtx` is more private than the item `js_secrets::SecretsJob`
  --> src/jsc/JSSecrets.rs:64:1
   |
64 | pub type SecretsJob = AnyTaskJob<SecretsCtx>;
   | ^^^^^^^^^^^^^^^^^^^ type alias `js_secrets::SecretsJob` is reachable at visibility `pub`
   |
note: but type `js_secrets::SecretsCtx` is only usable at visibility `pub(self)`
  --> src/jsc/JSSecrets.rs:23:1
   |
23 | struct SecretsCtx {
   | ^^^^^^^^^^^^^^^^^
   = note: `#[warn(private_interfaces)]` on by default

   Compiling bun_js_parser_jsc v0.0.0 (/data/projects/bun/src/js_parser_jsc)
   Compiling bun_ast_jsc v0.0.0 (/data/projects/bun/src/ast_jsc)
   Compiling bun_patch_jsc v0.0.0 (/data/projects/bun/src/patch_jsc)
   Compiling bun_semver_jsc v0.0.0 (/data/projects/bun/src/semver_jsc)
   Compiling bun_bundler_jsc v0.0.0 (/data/projects/bun/src/bundler_jsc)
   Compiling bun_css_jsc v0.0.0 (/data/projects/bun/src/css_jsc)
   Compiling bun_http_jsc v0.0.0 (/data/projects/bun/src/http_jsc)
   Compiling bun_sql_jsc v0.0.0 (/data/projects/bun/src/sql_jsc)
   Compiling bun_sys_jsc v0.0.0 (/data/projects/bun/src/sys_jsc)
   Compiling bun_sourcemap_jsc v0.0.0 (/data/projects/bun/src/sourcemap_jsc)
   Compiling bun_url_jsc v0.0.0 (/data/projects/bun/src/url_jsc)
warning: `bun_jsc` (lib) generated 2 warnings
   Compiling bun_install_jsc v0.0.0 (/data/projects/bun/src/install_jsc)
warning: use of deprecated method `bun_collections::HiveArrayFallback::<T, CAPACITY>::get`: returns *mut T to uninitialized memory; use get_init / emplace / claim
    --> src/runtime/server/server_body.rs:3415:54
     |
3415 |         let ctx_slot = unsafe { (*this.request_pool).get() };
     |                                                      ^^^
     |
     = note: `#[warn(deprecated)]` on by default

warning: use of deprecated method `bun_collections::HiveArrayFallback::<T, CAPACITY>::try_get`: returns *mut T to uninitialized memory; use get_init / emplace / claim
   --> src/runtime/server/mod.rs:705:56
    |
705 |         let ctx_slot = unsafe { (*server.request_pool).try_get() };
    |                                                        ^^^^^^^

warning: use of deprecated method `bun_collections::HiveArrayFallback::<T, CAPACITY>::get`: returns *mut T to uninitialized memory; use get_init / emplace / claim
    --> src/runtime/bake/DevServer.rs:2097:55
     |
2097 |         let deferred_ptr = self.deferred_request_pool.get();
     |                                                       ^^^

warning: use of deprecated method `bun_collections::HiveArrayFallback::<T, CAPACITY>::try_get`: returns *mut T to uninitialized memory; use get_init / emplace / claim
    --> src/runtime/api/bun/h2_frame_parser.rs:7375:33
     |
7375 |                 let slot = pool.try_get();
     |                                 ^^^^^^^

warning: unused `bun_css::Maybe` that must be used
    --> src/runtime/webcore/Blob.rs:4377:41
     |
4377 | ...                   f.close();
     |                       ^^^^^^^^^
     |
     = note: this `Result` may be an `Err` variant, which should be handled
note: the lint level is defined here
    --> src/runtime/lib.rs:8:9
     |
   8 | #![warn(unused_must_use)]
     |         ^^^^^^^^^^^^^^^
help: use `let _ = ...` to ignore the resulting value
     |
4377 |                                         let _ = f.close();
     |                                         +++++++

warning: `bun_runtime` (lib) generated 5 warnings
   Compiling bun_bin v0.0.0 (/data/projects/bun/src/bun_bin)
    Finished `test` profile [unoptimized + debuginfo] target(s) in 1m 36s
     Running unittests lib.rs (/tmp/cargo-target/miri/x86_64-unknown-linux-gnu/debug/deps/bun_alloc-8c77f5b7cf9b5d08)

running 10 tests
test stack_fallback::tests::alignment ... ok
test stack_fallback::tests::alloc_within_stack ... ok
test stack_fallback::tests::dealloc_range_check ... ok
test stack_fallback::tests::get_twice_panics - should panic ... ok
test stack_fallback::tests::grow_in_place ... ok
test stack_fallback::tests::grow_spills_to_fallback ... ok
test stack_fallback::tests::overflow_to_fallback ... ok
test stack_fallback::tests::reset_clears_guard ... ok
test stack_fallback::tests::shrink_rewinds_last ... ok
test stack_fallback::tests::vec_roundtrip ... ok

test result: ok. 10 passed; 0 failed; 0 ignored; 0 measured; 0 filtered out; finished in 1.28s

     Running unittests lib.rs (/tmp/cargo-target/miri/x86_64-unknown-linux-gnu/debug/deps/bun_analytics-6e45602be236d811)

running 0 tests

test result: ok. 0 passed; 0 failed; 0 ignored; 0 measured; 0 filtered out; finished in 0.03s

     Running unittests lib.rs (/tmp/cargo-target/miri/x86_64-unknown-linux-gnu/debug/deps/bun_api-f0328c508bb5d7c6)

running 0 tests

test result: ok. 0 passed; 0 failed; 0 ignored; 0 measured; 0 filtered out; finished in 0.03s

     Running unittests lib.rs (/tmp/cargo-target/miri/x86_64-unknown-linux-gnu/debug/deps/bun_ast-94c2468ae63f1cb4)
warning: unused import: `strings`
  --> src/ast/expr.rs:13:22
   |
13 | use bun_core::{ZStr, strings};
   |                      ^^^^^^^
   |
   = note: `#[warn(unused_imports)]` (part of `#[warn(unused)]`) on by default


running 5 tests
test known_global::tests::lookup_exhaustive ... ok
test lexer_tables::tests::keyword_fn_matches_phf_table ... ok
test lexer_tables::tests::property_modifier_find_matches_phf_map ... ok
test lexer_tables::tests::strict_mode_reserved_fn_matches_phf_set ... ok
test runtime::tests::all_sorted_matches_zig_comptime ... ok

test result: ok. 5 passed; 0 failed; 0 ignored; 0 measured; 0 filtered out; finished in 0.78s

     Running unittests lib.rs (/tmp/cargo-target/miri/x86_64-unknown-linux-gnu/debug/deps/bun_ast_jsc-cc13e7c4f6b31c4d)

running 0 tests

test result: ok. 0 passed; 0 failed; 0 ignored; 0 measured; 0 filtered out; finished in 0.03s

     Running unittests lib.rs (/tmp/cargo-target/miri/x86_64-unknown-linux-gnu/debug/deps/bun_base64-f451b4ab7a0c536a)

running 2 tests
test zig_base64::tests::test_base64 ... ok
test zig_base64::tests::test_base64_url_safe_no_pad ... FAILED

failures:

---- zig_base64::tests::test_base64_url_safe_no_pad stdout ----

thread 'zig_base64::tests::test_base64_url_safe_no_pad' (1002) panicked at src/base64/lib.rs:885:22:
called `Result::unwrap()` on an `Err` value: NoSpaceLeft
note: run with `RUST_BACKTRACE=1` environment variable to display a backtrace
note: in Miri, you may have to set `MIRIFLAGS=-Zmiri-env-forward=RUST_BACKTRACE` for the environment variable to have an effect


failures:
    zig_base64::tests::test_base64_url_safe_no_pad

test result: FAILED. 1 passed; 1 failed; 0 ignored; 0 measured; 0 filtered out; finished in 0.52s

error: test failed, to rerun pass `-p bun_base64 --lib`
