    Finished `dev` profile [unoptimized + debuginfo] target(s) in 0.01s
     Running `/home/ubuntu/.rustup/toolchains/nightly-x86_64-unknown-linux-gnu/bin/cargo-miri runner /tmp/cargo-target/miri/x86_64-unknown-linux-gnu/debug/exp_010_parallel_mut_alias_model`
error: Undefined Behavior: read access through <231> at alloc108[0x0] is forbidden
  --> src/main.rs:17:5
   |
17 |     b.counter += 2;
   |     ^^^^^^^^^^^^^^ Undefined Behavior occurred here
   |
   = help: this indicates a potential bug in the program: it performed an invalid operation, but the Tree Borrows rules it violated are still experimental
   = help: see https://github.com/rust-lang/unsafe-code-guidelines/blob/master/wip/tree-borrows.md for further information
   = help: the accessed tag <231> has state Disabled which forbids this child read access
help: the accessed tag <231> was created here, in the initial state Reserved
  --> src/main.rs:14:47
   |
14 |     let b: &mut LinkerContextModel = unsafe { &mut *ptr };
   |                                               ^^^^^^^^^
help: the accessed tag <231> later transitioned to Disabled due to a foreign write access at offsets [0x0..0x8]
  --> src/main.rs:16:5
   |
16 |     a.counter += 1;
   |     ^^^^^^^^^^^^^^
   = help: this transition corresponds to a loss of read and write permissions

note: some details are omitted, run with `MIRIFLAGS=-Zmiri-backtrace=full` for a verbose backtrace

error: aborting due to 1 previous error

