    Updating crates.io index
     Locking 84 packages to latest Rust 1.97.0-nightly compatible versions
      Adding allocator-api2 v0.2.21
      Adding bitflags v2.11.1
      Adding bstr v1.12.1
      Adding bumpalo v3.20.2
      Adding bun_alloc v0.0.0 (/data/projects/bun/src/bun_alloc)
      Adding bun_collections v0.0.0 (/data/projects/bun/src/collections)
      Adding bun_core v0.0.0 (/data/projects/bun/src/bun_core)
      Adding bun_core_macros v0.0.0 (/data/projects/bun/src/bun_core_macros)
      Adding bun_dispatch v0.0.0 (/data/projects/bun/src/dispatch)
      Adding bun_errno v0.0.0 (/data/projects/bun/src/errno)
      Adding bun_hash v0.0.0 (/data/projects/bun/src/hash)
      Adding bun_highway v0.0.0 (/data/projects/bun/src/highway)
      Adding bun_libuv_sys v0.0.0 (/data/projects/bun/src/libuv_sys)
      Adding bun_mimalloc_sys v0.0.0 (/data/projects/bun/src/mimalloc_sys)
      Adding bun_opaque v0.0.0 (/data/projects/bun/src/opaque)
      Adding bun_output v0.0.0 (/data/projects/bun/src/output)
      Adding bun_output_tags v0.0.0 (/data/projects/bun/src/bun_output_tags)
      Adding bun_paths v0.0.0 (/data/projects/bun/src/paths)
      Adding bun_ptr v0.0.0 (/data/projects/bun/src/ptr)
      Adding bun_safety v0.0.0 (/data/projects/bun/src/safety)
      Adding bun_simdutf_sys v0.0.0 (/data/projects/bun/src/simdutf_sys)
      Adding bun_sys v0.0.0 (/data/projects/bun/src/sys)
      Adding bun_threading v0.0.0 (/data/projects/bun/src/threading)
      Adding bun_windows_sys v0.0.0 (/data/projects/bun/src/windows_sys)
      Adding bun_wyhash v0.0.0 (/data/projects/bun/src/wyhash)
      Adding bytemuck v1.25.0
      Adding const_format v0.2.36
      Adding const_format_proc_macros v0.2.34
      Adding darling v0.21.3
      Adding darling_core v0.21.3
      Adding darling_macro v0.21.3
      Adding enum-map v2.7.3
      Adding enum-map-derive v0.17.0
      Adding enumset v1.1.12
      Adding enumset_derive v0.15.0
      Adding errno v0.3.14
      Adding fnv v1.0.7
      Adding hashbrown v0.15.5
      Adding heck v0.5.0
      Adding ident_case v1.0.1
      Adding itoa v1.0.18
      Adding konst v0.2.20
      Adding konst_macro_rules v0.2.19
      Adding libc v0.2.186
      Adding linux-raw-sys v0.4.15
      Adding memchr v2.8.0
      Adding paste v1.0.15
      Adding phf v0.11.3
      Adding phf_generator v0.11.3
      Adding phf_macros v0.11.3
      Adding phf_shared v0.11.3
      Adding proc-macro2 v1.0.106
      Adding quote v1.0.45
      Adding rand v0.8.6
      Adding rand_core v0.6.4
      Adding rustix v0.38.44
      Adding rustversion v1.0.22
      Adding scopeguard v1.2.0
      Adding serde v1.0.228
      Adding serde_core v1.0.228
      Adding serde_derive v1.0.228
      Adding siphasher v1.0.3
      Adding smallvec v1.15.1
      Adding strum v0.26.3
      Adding strum_macros v0.26.4
      Adding syn v2.0.117
      Adding thiserror v2.0.18
      Adding thiserror-impl v2.0.18
      Adding twox-hash v2.1.2
      Adding typed-arena v2.0.2
      Adding unicode-ident v1.0.24
      Adding unicode-xid v0.2.6
      Adding windows-link v0.2.1
      Adding windows-sys v0.59.0
      Adding windows-sys v0.61.2
      Adding windows-targets v0.52.6
      Adding windows_aarch64_gnullvm v0.52.6
      Adding windows_aarch64_msvc v0.52.6
      Adding windows_i686_gnu v0.52.6
      Adding windows_i686_gnullvm v0.52.6
      Adding windows_i686_msvc v0.52.6
      Adding windows_x86_64_gnu v0.52.6
      Adding windows_x86_64_gnullvm v0.52.6
      Adding windows_x86_64_msvc v0.52.6
   Compiling proc-macro2 v1.0.106
   Compiling quote v1.0.45
   Compiling unicode-ident v1.0.24
   Compiling ident_case v1.0.1
   Compiling fnv v1.0.7
   Compiling rand_core v0.6.4
   Compiling rustversion v1.0.22
   Compiling siphasher v1.0.3
   Compiling heck v0.5.0
    Checking konst_macro_rules v0.2.19
   Compiling libc v0.2.186
   Compiling unicode-xid v0.2.6
    Checking bitflags v2.11.1
    Checking memchr v2.8.0
    Checking scopeguard v1.2.0
    Checking allocator-api2 v0.2.21
    Checking bun_opaque v0.0.0 (/data/projects/bun/src/opaque)
   Compiling thiserror v2.0.18
    Checking twox-hash v2.1.2
    Checking bumpalo v3.20.2
    Checking typed-arena v2.0.2
   Compiling bun_output_tags v0.0.0 (/data/projects/bun/src/bun_output_tags)
   Compiling bun_core v0.0.0 (/data/projects/bun/src/bun_core)
    Checking bytemuck v1.25.0
    Checking itoa v1.0.18
   Compiling paste v1.0.15
   Compiling rustix v0.38.44
    Checking linux-raw-sys v0.4.15
    Checking bun_windows_sys v0.0.0 (/data/projects/bun/src/windows_sys)
    Checking smallvec v1.15.1
   Compiling rand v0.8.6
    Checking konst v0.2.20
    Checking phf_shared v0.11.3
    Checking bun_hash v0.0.0 (/data/projects/bun/src/hash)
    Checking hashbrown v0.15.5
    Checking bstr v1.12.1
   Compiling phf_generator v0.11.3
   Compiling syn v2.0.117
   Compiling const_format_proc_macros v0.2.34
    Checking const_format v0.2.36
   Compiling darling_core v0.21.3
   Compiling enum-map-derive v0.17.0
   Compiling phf_macros v0.11.3
   Compiling strum_macros v0.26.4
   Compiling thiserror-impl v2.0.18
   Compiling bun_core_macros v0.0.0 (/data/projects/bun/src/bun_core_macros)
   Compiling bun_dispatch v0.0.0 (/data/projects/bun/src/dispatch)
    Checking enum-map v2.7.3
    Checking phf v0.11.3
    Checking strum v0.26.3
   Compiling darling_macro v0.21.3
   Compiling darling v0.21.3
   Compiling enumset_derive v0.15.0
    Checking enumset v1.1.12
    Checking bun_mimalloc_sys v0.0.0 (/data/projects/bun/src/mimalloc_sys)
    Checking bun_wyhash v0.0.0 (/data/projects/bun/src/wyhash)
    Checking bun_simdutf_sys v0.0.0 (/data/projects/bun/src/simdutf_sys)
    Checking bun_highway v0.0.0 (/data/projects/bun/src/highway)
    Checking bun_libuv_sys v0.0.0 (/data/projects/bun/src/libuv_sys)
    Checking bun_alloc v0.0.0 (/data/projects/bun/src/bun_alloc)
warning: unreachable `pub` item
    --> /data/projects/bun/src/bun_core/output.rs:1647:9
     |
1647 |         pub static $name: $crate::output::ScopedLogger = $crate::output::ScopedLogger::new(
     |         ---^^^^^^^^^^^^^^^^^^^^^^^^^^^^^^^^^^^^^^^^^^^
     |         |
     |         help: consider restricting its visibility: `pub(super)`
     |
    ::: /data/projects/bun/src/bun_core/string/immutable/unicode.rs:23:1
     |
  23 | crate::declare_scope!(strings, hidden);
     | -------------------------------------- in this macro invocation
     |
     = help: or consider exporting it for use by other crates
note: the lint level is defined here
    --> /data/projects/bun/src/bun_core/lib.rs:11:26
     |
  11 | #![warn(unused_must_use, unreachable_pub)]
     |                          ^^^^^^^^^^^^^^^
     = note: this warning originates in the macro `crate::declare_scope` (in Nightly builds, run with -Z macro-backtrace for more info)

warning: unreachable `pub` item
    --> /data/projects/bun/src/bun_core/string/immutable/unicode.rs:1507:5
     |
1506 | pub use crate::strings::{
     | --- help: consider restricting its visibility: `pub(super)`
1507 |     U16_SURROGATE_OFFSET, decode_surrogate_pair, decode_utf16_with_fffd, decode_wtf16_raw,
     |     ^^^^^^^^^^^^^^^^^^^^
     |
     = help: or consider exporting it for use by other crates

warning: unreachable `pub` item
    --> /data/projects/bun/src/bun_core/string/immutable/unicode.rs:1507:27
     |
1506 | pub use crate::strings::{
     | --- help: consider restricting its visibility: `pub(super)`
1507 |     U16_SURROGATE_OFFSET, decode_surrogate_pair, decode_utf16_with_fffd, decode_wtf16_raw,
     |                           ^^^^^^^^^^^^^^^^^^^^^
     |
     = help: or consider exporting it for use by other crates

warning: unreachable `pub` item
    --> /data/projects/bun/src/bun_core/string/immutable/unicode.rs:1507:50
     |
1506 | pub use crate::strings::{
     | --- help: consider restricting its visibility: `pub(super)`
1507 |     U16_SURROGATE_OFFSET, decode_surrogate_pair, decode_utf16_with_fffd, decode_wtf16_raw,
     |                                                  ^^^^^^^^^^^^^^^^^^^^^^
     |
     = help: or consider exporting it for use by other crates

warning: unreachable `pub` item
    --> /data/projects/bun/src/bun_core/string/immutable/unicode.rs:1507:74
     |
1506 | pub use crate::strings::{
     | --- help: consider restricting its visibility: `pub(super)`
1507 |     U16_SURROGATE_OFFSET, decode_surrogate_pair, decode_utf16_with_fffd, decode_wtf16_raw,
     |                                                                          ^^^^^^^^^^^^^^^^
     |
     = help: or consider exporting it for use by other crates

warning: unreachable `pub` item
    --> /data/projects/bun/src/bun_core/string/immutable/unicode.rs:1508:5
     |
1506 | pub use crate::strings::{
     | --- help: consider restricting its visibility: `pub(super)`
1507 |     U16_SURROGATE_OFFSET, decode_surrogate_pair, decode_utf16_with_fffd, decode_wtf16_raw,
1508 |     u16_get_supplementary, u16_is_lead, u16_is_surrogate, u16_is_trail,
     |     ^^^^^^^^^^^^^^^^^^^^^
     |
     = help: or consider exporting it for use by other crates

warning: unreachable `pub` item
    --> /data/projects/bun/src/bun_core/string/immutable/unicode.rs:1508:41
     |
1506 | pub use crate::strings::{
     | --- help: consider restricting its visibility: `pub(super)`
1507 |     U16_SURROGATE_OFFSET, decode_surrogate_pair, decode_utf16_with_fffd, decode_wtf16_raw,
1508 |     u16_get_supplementary, u16_is_lead, u16_is_surrogate, u16_is_trail,
     |                                         ^^^^^^^^^^^^^^^^
     |
     = help: or consider exporting it for use by other crates

warning: unreachable `pub` item
    --> /data/projects/bun/src/bun_core/lib.rs:2159:5
     |
2159 |     pub fn is_ip_address(input: &[u8]) -> bool {
     |     ---^^^^^^^^^^^^^^^^^^^^^^^^^^^^^^^^^^^^^^^
     |     |
     |     help: consider restricting its visibility: `pub(crate)`
     |
     = help: or consider exporting it for use by other crates

warning: `bun_core` (lib) generated 8 warnings (run `cargo fix --lib -p bun_core` to apply 7 suggestions)
    Checking bun_errno v0.0.0 (/data/projects/bun/src/errno)
    Checking bun_paths v0.0.0 (/data/projects/bun/src/paths)
    Checking bun_ptr v0.0.0 (/data/projects/bun/src/ptr)
    Checking bun_safety v0.0.0 (/data/projects/bun/src/safety)
warning: ambiguous glob re-exports
  --> /data/projects/bun/src/paths/lib.rs:39:13
   |
39 |     pub use super::string_paths::*;
   |             ^^^^^^^^^^^^^^^^^^^^^^ the name `is_windows_absolute_path_missing_drive_letter` in the value namespace is first re-exported here
40 |     pub use bun_core::strings::*;
   |             -------------------- but the name `is_windows_absolute_path_missing_drive_letter` in the value namespace is also re-exported here
   |
   = note: `#[warn(ambiguous_glob_reexports)]` on by default

warning: ambiguous glob re-exports
  --> /data/projects/bun/src/paths/lib.rs:39:13
   |
39 |     pub use super::string_paths::*;
   |             ^^^^^^^^^^^^^^^^^^^^^^ the name `basename` in the value namespace is first re-exported here
40 |     pub use bun_core::strings::*;
   |             -------------------- but the name `basename` in the value namespace is also re-exported here

    Checking bun_collections v0.0.0 (/data/projects/bun/src/collections)
warning: `bun_paths` (lib) generated 2 warnings
    Checking bun_sys v0.0.0 (/data/projects/bun/src/sys)
    Checking bun_threading v0.0.0 (/data/projects/bun/src/threading)
    Checking exp_018_guarded_lock_send_witness v0.0.0 (/data/projects/bun/.ub-exorcism/2026-05-15-exhaustive/experiments/EXP-018)
    Finished `dev` profile [unoptimized + debuginfo] target(s) in 13.34s
