    Finished `dev` profile [unoptimized + debuginfo] target(s) in 0.01s
     Running `/home/ubuntu/.rustup/toolchains/nightly-x86_64-unknown-linux-gnu/bin/cargo-miri runner /tmp/cargo-target/miri/x86_64-unknown-linux-gnu/debug/exp-099-internal-msg-holder-reentry`
error: Undefined Behavior: reborrow through <598> at alloc4[0x0] is forbidden
  --> src/main.rs:27:9
   |
27 |         (*CHILD_SINGLETON.get()).get_or_insert_with(InternalMsgHolderShape::default)
   |         ^^^^^^^^^^^^^^^^^^^^^^^^ Undefined Behavior occurred here
   |
   = help: this indicates a potential bug in the program: it performed an invalid operation, but the Tree Borrows rules it violated are still experimental
   = help: see https://github.com/rust-lang/unsafe-code-guidelines/blob/master/wip/tree-borrows.md for further information
   = help: the accessed tag <598> is foreign to the protected tag <465> (i.e., it is not a child)
   = help: this reborrow (acting as a foreign read access) would cause the protected tag <465> (currently Unique) to become Disabled
   = help: protected tags must never be Disabled
help: the accessed tag <598> was created here
  --> src/main.rs:18:9
   |
18 |         self.0.get()
   |         ^^^^^^^^^^^^
help: the protected tag <465> was created here, in the initial state Reserved
  --> src/main.rs:45:14
   |
45 |     fn flush(&mut self) {
   |              ^^^^^^^^^
help: the protected tag <465> later transitioned to Unique due to a child write access at offsets [0x0..0x18]
  --> src/main.rs:47:24
   |
47 |         let messages = core::mem::take(unsafe { &mut (*this).messages });
   |                        ^^^^^^^^^^^^^^^^^^^^^^^^^^^^^^^^^^^^^^^^^^^^^^^^^
   = help: this transition corresponds to the first write to a 2-phase borrowed mutable reference
   = note: stack backtrace:
           0: child_singleton::<'_>
               at src/main.rs:27:9: 27:33
           1: reenter_via_global_owner
               at src/main.rs:35:18: 35:35
           2: InternalMsgHolderShape::dispatch_unsafe
               at src/main.rs:42:9: 42:35
           3: InternalMsgHolderShape::flush
               at src/main.rs:49:13: 49:59
           4: main
               at src/main.rs:58:5: 58:19

note: some details are omitted, run with `MIRIFLAGS=-Zmiri-backtrace=full` for a verbose backtrace

error: aborting due to 1 previous error

