   Compiling exp-042-repl-vm-mut-invalid-reference-cast v0.0.0 (/data/projects/bun/.ub-exorcism/2026-05-15-exhaustive/experiments/EXP-042)
    Finished `dev` profile [unoptimized + debuginfo] target(s) in 0.03s
     Running `/home/ubuntu/.rustup/toolchains/nightly-x86_64-unknown-linux-gnu/bin/cargo-miri runner /tmp/cargo-target/miri/x86_64-unknown-linux-gnu/debug/exp-042-repl-vm-mut-invalid-reference-cast`
error: Undefined Behavior: write access through <234> at alloc107[0x0] is forbidden
  --> src/main.rs:31:5
   |
31 |     m.counter += 1;
   |     ^^^^^^^^^^^^^^ Undefined Behavior occurred here
   |
   = help: this indicates a potential bug in the program: it performed an invalid operation, but the Tree Borrows rules it violated are still experimental
   = help: see https://github.com/rust-lang/unsafe-code-guidelines/blob/master/wip/tree-borrows.md for further information
   = help: the accessed tag <234> is a child of the conflicting tag <229>
   = help: the conflicting tag <229> has state Frozen which forbids this child write access
help: the accessed tag <234> was created here
  --> src/main.rs:30:13
   |
30 |     let m = vm_mut(&vm);
   |             ^^^^^^^^^^^
help: the conflicting tag <229> was created here, in the initial state Frozen
  --> src/main.rs:24:24
   |
24 |     let ptr: *mut VM = core::ptr::from_ref(vm).cast_mut();
   |                        ^^^^^^^^^^^^^^^^^^^^^^^

note: some details are omitted, run with `MIRIFLAGS=-Zmiri-backtrace=full` for a verbose backtrace

error: aborting due to 1 previous error

