    Finished `dev` profile [unoptimized + debuginfo] target(s) in 0.01s
     Running `/home/ubuntu/.rustup/toolchains/nightly-x86_64-unknown-linux-gnu/bin/cargo-miri runner /tmp/cargo-target/miri/x86_64-unknown-linux-gnu/debug/exp_101_proxy_tunnel_shutdown`
error: Undefined Behavior: write access through <1213> at alloc199[0x10] is forbidden
   --> /home/ubuntu/.rustup/toolchains/nightly-x86_64-unknown-linux-gnu/lib/rustlib/src/rust/library/core/src/mem/mod.rs:931:49
    |
931 |         crate::intrinsics::write_via_move(dest, src);
    |                                                 ^^^ Undefined Behavior occurred here
    |
    = help: this indicates a potential bug in the program: it performed an invalid operation, but the Tree Borrows rules it violated are still experimental
    = help: see https://github.com/rust-lang/unsafe-code-guidelines/blob/master/wip/tree-borrows.md for further information
    = help: the accessed tag <1213> is foreign to the protected tag <1189> (i.e., it is not a child)
    = help: this foreign write access would cause the protected tag <1189> (currently Reserved (conflicted)) to become Disabled
    = help: protected tags must never be Disabled
help: the accessed tag <1213> was created here
   --> src/main.rs:50:9
    |
 50 |         Self::ref_count_of(this).set(Self::ref_count_of(this).get() + 1);
    |         ^^^^^^^^^^^^^^^^^^^^^^^^^^^^^^^^^^^^^^^^^^^^^^^^^^^^^^^^^^^^^^^^
help: the protected tag <1189> was created here, in the initial state Reserved
   --> src/main.rs:40:17
    |
 40 |     fn shutdown(&mut self) {
    |                 ^^^^^^^^^
help: the protected tag <1189> later transitioned to Reserved (conflicted) due to a foreign read access at offsets [0x10..0x14]
   --> src/main.rs:50:38
    |
 50 |         Self::ref_count_of(this).set(Self::ref_count_of(this).get() + 1);
    |                                      ^^^^^^^^^^^^^^^^^^^^^^^^^^^^^^
    = help: this transition corresponds to a temporary loss of write permissions until function exit
    = note: stack backtrace:
            0: std::mem::replace::<u32>
                at /home/ubuntu/.rustup/toolchains/nightly-x86_64-unknown-linux-gnu/lib/rustlib/src/rust/library/core/src/mem/mod.rs:931:49: 931:52
            1: std::cell::Cell::<u32>::replace
                at /home/ubuntu/.rustup/toolchains/nightly-x86_64-unknown-linux-gnu/lib/rustlib/src/rust/library/core/src/cell.rs:513:9: 513:61
            2: std::cell::Cell::<u32>::set
                at /home/ubuntu/.rustup/toolchains/nightly-x86_64-unknown-linux-gnu/lib/rustlib/src/rust/library/core/src/cell.rs:437:9: 437:26
            3: ProxyTunnel::on_close
                at src/main.rs:50:9: 50:73
            4: Wrapper::shutdown
                at src/main.rs:11:9: 11:34
            5: ProxyTunnel::shutdown
                at src/main.rs:42:13: 42:31
            6: main
                at src/main.rs:72:9: 72:26

note: some details are omitted, run with `MIRIFLAGS=-Zmiri-backtrace=full` for a verbose backtrace

error: aborting due to 1 previous error

