   Compiling exp_004_encoding_vec_layout v0.0.1 (/data/projects/bun/.ub-exorcism/2026-05-15-exhaustive/experiments/EXP-004)
    Finished `dev` profile [unoptimized + debuginfo] target(s) in 0.04s
     Running `/home/ubuntu/.rustup/toolchains/nightly-x86_64-unknown-linux-gnu/bin/cargo-miri runner /tmp/cargo-target/miri/x86_64-unknown-linux-gnu/debug/repro`
error: Undefined Behavior: constructing invalid value of type &mut [u16]: encountered an unaligned reference (required 2 byte alignment but found 1)
   --> /home/ubuntu/.rustup/toolchains/nightly-x86_64-unknown-linux-gnu/lib/rustlib/src/rust/library/core/src/ptr/mod.rs:809:1
    |
809 | / pub const unsafe fn drop_in_place<T: PointeeSized>(to_drop: *mut T)
810 | | where
811 | |     T: [const] Destruct,
    | |________________________^ Undefined Behavior occurred here
    |
    = help: this indicates a bug in the program: it performed an invalid operation, and caused Undefined Behavior
    = help: see https://doc.rust-lang.org/nightly/reference/behavior-considered-undefined.html for further information
    = note: stack backtrace:
            0: std::ptr::drop_in_place::<[u16]> - shim(None)
                at /home/ubuntu/.rustup/toolchains/nightly-x86_64-unknown-linux-gnu/lib/rustlib/src/rust/library/core/src/ptr/mod.rs:809:1: 811:25
            1: <std::vec::Vec<u16> as std::ops::Drop>::drop
                at /home/ubuntu/.rustup/toolchains/nightly-x86_64-unknown-linux-gnu/lib/rustlib/src/rust/library/alloc/src/vec/mod.rs:4254:13: 4254:91
            2: std::ptr::drop_in_place::<std::vec::Vec<u16>> - shim(Some(std::vec::Vec<u16>))
                at /home/ubuntu/.rustup/toolchains/nightly-x86_64-unknown-linux-gnu/lib/rustlib/src/rust/library/core/src/ptr/mod.rs:809:1: 811:25
            3: std::mem::drop::<std::vec::Vec<u16>>
                at /home/ubuntu/.rustup/toolchains/nightly-x86_64-unknown-linux-gnu/lib/rustlib/src/rust/library/core/src/mem/mod.rs:1004:1: 1004:2
            4: main
                at src/main.rs:17:5: 17:14

note: some details are omitted, run with `MIRIFLAGS=-Zmiri-backtrace=full` for a verbose backtrace

error: aborting due to 1 previous error

