    Finished `dev` profile [unoptimized + debuginfo] target(s) in 0.02s
     Running `/home/ubuntu/.rustup/toolchains/nightly-x86_64-unknown-linux-gnu/bin/cargo-miri runner /tmp/cargo-target/miri/x86_64-unknown-linux-gnu/debug/exp-014-multi-array-list-slice-copy-alias`
error: Undefined Behavior: write access through <259> at alloc107[0x0] is forbidden
  --> src/main.rs:34:5
   |
34 |     right[0] = 20;
   |     ^^^^^^^^^^^^^ Undefined Behavior occurred here
   |
   = help: this indicates a potential bug in the program: it performed an invalid operation, but the Tree Borrows rules it violated are still experimental
   = help: see https://github.com/rust-lang/unsafe-code-guidelines/blob/master/wip/tree-borrows.md for further information
   = help: the accessed tag <259> has state Disabled which forbids this child write access
help: the accessed tag <259> was created here, in the initial state Reserved
  --> src/main.rs:31:17
   |
31 |     let right = b.items_mut();
   |                 ^^^^^^^^^^^^^
help: the accessed tag <259> later transitioned to Disabled due to a foreign write access at offsets [0x0..0x4]
  --> src/main.rs:33:5
   |
33 |     left[0] = 10;
   |     ^^^^^^^^^^^^
   = help: this transition corresponds to a loss of read and write permissions

note: some details are omitted, run with `MIRIFLAGS=-Zmiri-backtrace=full` for a verbose backtrace

error: aborting due to 1 previous error

