   Compiling exp-080-link-interface-public-fields v0.1.0 (/data/projects/bun/.ub-exorcism/2026-05-15-exhaustive/experiments/EXP-080)
    Finished `dev` profile [unoptimized + debuginfo] target(s) in 0.03s
     Running `/home/ubuntu/.rustup/toolchains/nightly-x86_64-unknown-linux-gnu/bin/cargo-miri runner /tmp/cargo-target/miri/x86_64-unknown-linux-gnu/debug/exp-080-link-interface-public-fields`
error: Undefined Behavior: memory access failed: attempting to access 1 byte, but got null pointer
  --> src/main.rs:29:14
   |
29 |     unsafe { *(owner.cast::<u8>()) }
   |              ^^^^^^^^^^^^^^^^^^^^^ Undefined Behavior occurred here
   |
   = help: this indicates a bug in the program: it performed an invalid operation, and caused Undefined Behavior
   = help: see https://doc.rust-lang.org/nightly/reference/behavior-considered-undefined.html for further information
   = note: stack backtrace:
           0: read_byte_impl
               at src/main.rs:29:14: 29:35
           1: Handle::read_byte
               at src/main.rs:23:42: 23:68
           2: main
               at src/main.rs:38:26: 38:44

note: some details are omitted, run with `MIRIFLAGS=-Zmiri-backtrace=full` for a verbose backtrace

error: aborting due to 1 previous error

