   Compiling exp_076_windows_named_pipe_vm_backref v0.1.0 (/data/projects/bun/.ub-exorcism/2026-05-15-exhaustive/experiments/EXP-076)
    Finished `dev` profile [unoptimized + debuginfo] target(s) in 0.04s
     Running `/home/ubuntu/.rustup/toolchains/nightly-x86_64-unknown-linux-gnu/bin/cargo-miri runner /tmp/cargo-target/miri/x86_64-unknown-linux-gnu/debug/exp_076_windows_named_pipe_vm_backref`
error: Undefined Behavior: write access through <351> at alloc193[0x0] is forbidden
  --> src/main.rs:12:9
   |
12 |         self.queued += 1;
   |         ^^^^^^^^^^^^^^^^ Undefined Behavior occurred here
   |
   = help: this indicates a potential bug in the program: it performed an invalid operation, but the Tree Borrows rules it violated are still experimental
   = help: see https://github.com/rust-lang/unsafe-code-guidelines/blob/master/wip/tree-borrows.md for further information
   = help: the accessed tag <351> is a child of the conflicting tag <347>
   = help: the conflicting tag <347> has state Frozen which forbids this child write access
help: the accessed tag <351> was created here
  --> src/main.rs:11:21
   |
11 |     fn enqueue_task(&mut self) {
   |                     ^^^^^^^^^
help: the conflicting tag <347> was created here, in the initial state Frozen
  --> src/main.rs:33:18
   |
33 |         let vm = ptr::from_ref::<VirtualMachine>(self.vm).cast_mut();
   |                  ^^^^^^^^^^^^^^^^^^^^^^^^^^^^^^^^^^^^^^^^
   = note: stack backtrace:
           0: EventLoop::enqueue_task
               at src/main.rs:12:9: 12:25
           1: VirtualMachine::enqueue_task
               at src/main.rs:23:9: 23:39
           2: WindowsNamedPipeContext::deinit_in_next_tick_like_source
               at src/main.rs:34:18: 34:38
           3: main
               at src/main.rs:42:14: 42:51

note: some details are omitted, run with `MIRIFLAGS=-Zmiri-backtrace=full` for a verbose backtrace

error: aborting due to 1 previous error

