   Compiling exp_058_source_writer_escape v0.0.0 (/data/projects/bun/.ub-exorcism/2026-05-15-exhaustive/experiments/EXP-058)
    Finished `dev` profile [unoptimized + debuginfo] target(s) in 0.06s
     Running `/home/ubuntu/.rustup/toolchains/nightly-x86_64-unknown-linux-gnu/bin/cargo-miri runner /tmp/cargo-target/miri/x86_64-unknown-linux-gnu/debug/exp_058_source_writer_escape`
error: Undefined Behavior: write access through <665> at alloc150[0x8] is forbidden
  --> src/main.rs:27:5
   |
27 |     b.0 = 2;
   |     ^^^^^^^ Undefined Behavior occurred here
   |
   = help: this indicates a potential bug in the program: it performed an invalid operation, but the Tree Borrows rules it violated are still experimental
   = help: see https://github.com/rust-lang/unsafe-code-guidelines/blob/master/wip/tree-borrows.md for further information
   = help: the accessed tag <665> has state Disabled which forbids this child write access
help: the accessed tag <665> was created here, in the initial state Reserved
  --> src/main.rs:24:13
   |
24 |     let b = writer();
   |             ^^^^^^^^
help: the accessed tag <665> later transitioned to Disabled due to a foreign write access at offsets [0x8..0x10]
  --> src/main.rs:26:5
   |
26 |     a.0 = 1;
   |     ^^^^^^^
   = help: this transition corresponds to a loss of read and write permissions

note: some details are omitted, run with `MIRIFLAGS=-Zmiri-backtrace=full` for a verbose backtrace

error: aborting due to 1 previous error

