   Compiling exp_040_s3_simple_task_drop_assume_init v0.0.1 (/data/projects/bun/.ub-exorcism/2026-05-15-exhaustive/experiments/EXP-040)
    Finished `dev` profile [unoptimized + debuginfo] target(s) in 0.04s
     Running `/home/ubuntu/.rustup/toolchains/nightly-x86_64-unknown-linux-gnu/bin/cargo-miri runner /tmp/cargo-target/miri/x86_64-unknown-linux-gnu/debug/repro`

thread 'main' (1000) panicked at src/main.rs:84:9:
simulated OOM at headers.entries.clone()
note: run with `RUST_BACKTRACE=1` environment variable to display a backtrace
note: in Miri, you may have to set `MIRIFLAGS=-Zmiri-env-forward=RUST_BACKTRACE` for the environment variable to have an effect
scopeguard: reclaiming half-init task
error: Undefined Behavior: reading memory at alloc216[0x8..0x10], but memory is uninitialized at [0x8..0x10], and this operation requires initialized memory
   --> /home/ubuntu/.rustup/toolchains/nightly-x86_64-unknown-linux-gnu/lib/rustlib/src/rust/library/alloc/src/raw_vec/mod.rs:614:9
    |
614 |         self.ptr.cast().as_non_null_ptr()
    |         ^^^^^^^^ Undefined Behavior occurred here
    |
    = help: this indicates a bug in the program: it performed an invalid operation, and caused Undefined Behavior
    = help: see https://doc.rust-lang.org/nightly/reference/behavior-considered-undefined.html for further information
    = note: stack backtrace:
            0: alloc::raw_vec::RawVecInner::non_null::<u8>
                at /home/ubuntu/.rustup/toolchains/nightly-x86_64-unknown-linux-gnu/lib/rustlib/src/rust/library/alloc/src/raw_vec/mod.rs:614:9: 614:17
            1: alloc::raw_vec::RawVecInner::ptr::<u8>
                at /home/ubuntu/.rustup/toolchains/nightly-x86_64-unknown-linux-gnu/lib/rustlib/src/rust/library/alloc/src/raw_vec/mod.rs:609:9: 609:29
            2: alloc::raw_vec::RawVec::<u8>::ptr
                at /home/ubuntu/.rustup/toolchains/nightly-x86_64-unknown-linux-gnu/lib/rustlib/src/rust/library/alloc/src/raw_vec/mod.rs:296:9: 296:25
            3: std::vec::Vec::<u8>::as_mut_ptr
                at /home/ubuntu/.rustup/toolchains/nightly-x86_64-unknown-linux-gnu/lib/rustlib/src/rust/library/alloc/src/vec/mod.rs:2025:9: 2025:23
            4: std::vec::Vec::<u8>::as_mut_slice
                at /home/ubuntu/.rustup/toolchains/nightly-x86_64-unknown-linux-gnu/lib/rustlib/src/rust/library/alloc/src/vec/mod.rs:1876:73: 1876:90
            5: std::vec::Vec::<u8>::clear
                at /home/ubuntu/.rustup/toolchains/nightly-x86_64-unknown-linux-gnu/lib/rustlib/src/rust/library/alloc/src/vec/mod.rs:2995:31: 2995:50
            6: AsyncHttp::clear_data
                at src/main.rs:40:9: 40:26
            7: <S3HttpSimpleTask as std::ops::Drop>::drop
                at src/main.rs:52:9: 52:60
            8: std::ptr::drop_in_place::<S3HttpSimpleTask> - shim(Some(S3HttpSimpleTask))
                at /home/ubuntu/.rustup/toolchains/nightly-x86_64-unknown-linux-gnu/lib/rustlib/src/rust/library/core/src/ptr/mod.rs:809:1: 811:25
            9: std::ptr::drop_in_place::<std::boxed::Box<S3HttpSimpleTask>> - shim(Some(std::boxed::Box<S3HttpSimpleTask>))
                at /home/ubuntu/.rustup/toolchains/nightly-x86_64-unknown-linux-gnu/lib/rustlib/src/rust/library/core/src/ptr/mod.rs:809:1: 811:25
            10: std::mem::drop::<std::boxed::Box<S3HttpSimpleTask>>
                at /home/ubuntu/.rustup/toolchains/nightly-x86_64-unknown-linux-gnu/lib/rustlib/src/rust/library/core/src/mem/mod.rs:1004:1: 1004:2
            11: <ReclaimOnUnwind as std::ops::Drop>::drop
                at src/main.rs:69:22: 69:52
            12: std::ptr::drop_in_place::<ReclaimOnUnwind> - shim(Some(ReclaimOnUnwind))
                at /home/ubuntu/.rustup/toolchains/nightly-x86_64-unknown-linux-gnu/lib/rustlib/src/rust/library/core/src/ptr/mod.rs:809:1: 811:25
            13: s3_new
                at src/main.rs:93:1: 93:2
            14: main::{closure#0}
                at src/main.rs:96:46: 96:58
            15: std::panicking::catch_unwind::do_call::<{closure@src/main.rs:96:43: 96:45}, *mut S3HttpSimpleTask>
                at /home/ubuntu/.rustup/toolchains/nightly-x86_64-unknown-linux-gnu/lib/rustlib/src/rust/library/std/src/panicking.rs:581:40: 581:43
            16: std::panicking::catch_unwind::<*mut S3HttpSimpleTask, {closure@src/main.rs:96:43: 96:45}>
                at /home/ubuntu/.rustup/toolchains/nightly-x86_64-unknown-linux-gnu/lib/rustlib/src/rust/library/std/src/panicking.rs:544:19: 544:88
            17: std::panic::catch_unwind::<{closure@src/main.rs:96:43: 96:45}, *mut S3HttpSimpleTask>
                at /home/ubuntu/.rustup/toolchains/nightly-x86_64-unknown-linux-gnu/lib/rustlib/src/rust/library/std/src/panic.rs:359:14: 359:40
            18: main
                at src/main.rs:96:18: 96:59

Uninitialized memory occurred at alloc216[0x8..0x10], in this allocation:
alloc216 (Rust heap, size: 24, align: 8) {
    0x00 │ __ __ __ __ __ __ __ __ __ __ __ __ __ __ __ __ │ ░░░░░░░░░░░░░░░░
    0x10 │ __ __ __ __ __ __ __ __                         │ ░░░░░░░░
}

note: some details are omitted, run with `MIRIFLAGS=-Zmiri-backtrace=full` for a verbose backtrace

error: aborting due to 1 previous error

