    Blocking waiting for file lock on build directory
    Finished `dev` profile [unoptimized + debuginfo] target(s) in 0.02s
     Running `/home/ubuntu/.rustup/toolchains/nightly-x86_64-unknown-linux-gnu/bin/cargo-miri runner /tmp/cargo-target/miri/x86_64-unknown-linux-gnu/debug/exp-074-timer-parent-ptr-shared-write`
error: Undefined Behavior: write access through <236> at alloc112[0x0] is forbidden
  --> src/main.rs:39:18
   |
39 |         unsafe { (*self.event_loop_timer()).state = state };
   |                  ^^^^^^^^^^^^^^^^^^^^^^^^^^^^^^^^^^^^^^^^ Undefined Behavior occurred here
   |
   = help: this indicates a potential bug in the program: it performed an invalid operation, but the Tree Borrows rules it violated are still experimental
   = help: see https://github.com/rust-lang/unsafe-code-guidelines/blob/master/wip/tree-borrows.md for further information
   = help: the accessed tag <236> has state Frozen which forbids this child write access
help: the accessed tag <236> was created here, in the initial state Frozen
  --> src/main.rs:29:20
   |
29 |         let this = core::ptr::from_ref::<Self>(self).cast_mut();
   |                    ^^^^^^^^^^^^^^^^^^^^^^^^^^^^^^^^^
   = note: stack backtrace:
           0: TimerObjectInternals::set_event_loop_timer_state
               at src/main.rs:39:18: 39:58
           1: main
               at src/main.rs:50:5: 50:44

note: some details are omitted, run with `MIRIFLAGS=-Zmiri-backtrace=full` for a verbose backtrace

error: aborting due to 1 previous error

