    Finished `dev` profile [unoptimized + debuginfo] target(s) in 0.01s
     Running `/home/ubuntu/.rustup/toolchains/nightly-x86_64-unknown-linux-gnu/bin/cargo-miri runner /tmp/cargo-target/miri/x86_64-unknown-linux-gnu/debug/exp_021_store_lifetime_escape`
error: Undefined Behavior: pointer not dereferenceable: alloc194 has been freed, so this pointer is dangling
  --> src/main.rs:22:18
   |
22 |         unsafe { core::slice::from_raw_parts(self.ptr.as_ptr(), self.len as usize) }
   |                  ^^^^^^^^^^^^^^^^^^^^^^^^^^^^^^^^^^^^^^^^^^^^^^^^^^^^^^^^^^^^^^^^^ Undefined Behavior occurred here
   |
   = help: this indicates a bug in the program: it performed an invalid operation, and caused Undefined Behavior
   = help: see https://doc.rust-lang.org/nightly/reference/behavior-considered-undefined.html for further information
help: alloc194 was allocated here:
  --> src/main.rs:27:13
   |
27 |     let v = vec![42_u8];
   |             ^^^^^^^^^^^
help: alloc194 was deallocated here:
  --> src/main.rs:29:1
   |
29 | }
   | ^
   = note: stack backtrace:
           0: StoreSlice::<u8>::slice::<'_>
               at src/main.rs:22:18: 22:83
           1: main
               at src/main.rs:33:33: 33:42

note: some details are omitted, run with `MIRIFLAGS=-Zmiri-backtrace=full` for a verbose backtrace

error: aborting due to 1 previous error

