   Compiling exp_079_transpiler_env_mut v0.0.1 (/data/projects/bun/.ub-exorcism/2026-05-15-exhaustive/experiments/EXP-079)
    Finished `dev` profile [unoptimized + debuginfo] target(s) in 0.03s
     Running `/home/ubuntu/.rustup/toolchains/nightly-x86_64-unknown-linux-gnu/bin/cargo-miri runner /tmp/cargo-target/miri/x86_64-unknown-linux-gnu/debug/exp_079_transpiler_env_mut`
error: Undefined Behavior: write access through <354> at alloc192[0x0] is forbidden
  --> src/main.rs:43:5
   |
43 |     second.value = 2;
   |     ^^^^^^^^^^^^^^^^ Undefined Behavior occurred here
   |
   = help: this indicates a potential bug in the program: it performed an invalid operation, but the Tree Borrows rules it violated are still experimental
   = help: see https://github.com/rust-lang/unsafe-code-guidelines/blob/master/wip/tree-borrows.md for further information
   = help: the accessed tag <354> has state Disabled which forbids this child write access
help: the accessed tag <354> was created here, in the initial state Reserved
  --> src/main.rs:40:18
   |
40 |     let second = t.env_mut();
   |                  ^^^^^^^^^^^
help: the accessed tag <354> later transitioned to Disabled due to a foreign write access at offsets [0x0..0x8]
  --> src/main.rs:42:5
   |
42 |     first.value = 1;
   |     ^^^^^^^^^^^^^^^
   = help: this transition corresponds to a loss of read and write permissions

note: some details are omitted, run with `MIRIFLAGS=-Zmiri-backtrace=full` for a verbose backtrace

error: aborting due to 1 previous error

