warning: unexpected `cfg` condition name: `loom`
  --> src/lib.rs:22:8
   |
22 | #![cfg(loom)]
   |        ^^^^
   |
   = help: expected names are: `docsrs`, `feature`, and `test` and 32 more
   = help: consider using a Cargo feature instead
   = help: or consider adding in `Cargo.toml` the `check-cfg` lint config for the lint:
            [lints.rust]
            unexpected_cfgs = { level = "warn", check-cfg = ['cfg(loom)'] }
   = help: or consider adding `println!("cargo::rustc-check-cfg=cfg(loom)");` to the top of the `build.rs`
   = note: see <https://doc.rust-lang.org/nightly/rustc/check-cfg/cargo-specifics.html> for more information about checking conditional configuration
   = note: `#[warn(unexpected_cfgs)]` on by default

warning: field `value` is never read
  --> src/lib.rs:39:5
   |
37 | struct Node {
   |        ---- field in this struct
38 |     next: *mut Node,
39 |     value: usize,
   |     ^^^^^
   |
   = note: `#[warn(dead_code)]` (part of `#[warn(unused)]`) on by default

warning: `exp-030-threadpool-queue-loom` (lib test) generated 2 warnings
    Finished `release` profile [optimized + debuginfo] target(s) in 0.03s
     Running unittests src/lib.rs (/tmp/cargo-target/release/deps/exp_030_threadpool_queue_loom-690ea5bebcbb2b1e)

running 3 tests
test loom_sanity_relaxed_should_race ... ignored
test loom_handoff_acquire_release_edge ... ok
test loom_two_consumers_cache_exclusive ... ok

test result: ok. 2 passed; 0 failed; 1 ignored; 0 measured; 0 filtered out; finished in 6.57s

