   Compiling exp_019_storeslice_unbounded_sync_cell_race v0.0.0 (/data/projects/bun/.ub-exorcism/2026-05-15-exhaustive/experiments/EXP-019)
    Finished `dev` profile [unoptimized + debuginfo] target(s) in 0.03s
     Running `/home/ubuntu/.rustup/toolchains/nightly-x86_64-unknown-linux-gnu/bin/cargo-miri runner /tmp/cargo-target/miri/x86_64-unknown-linux-gnu/debug/exp_019_storeslice_unbounded_sync_cell_race`
error: Undefined Behavior: Data race detected between (1) retag write on thread `unnamed-1` and (2) retag write of type `u32` on thread `unnamed-2` at alloc109
   --> /home/ubuntu/.rustup/toolchains/nightly-x86_64-unknown-linux-gnu/lib/rustlib/src/rust/library/core/src/cell.rs:513:31
    |
513 |         mem::replace(unsafe { &mut *self.value.get() }, val)
    |                               ^^^^^^^^^^^^^^^^^^^^^^ (2) just happened here
    |
help: and (1) occurred earlier here
   --> src/main.rs:48:17
    |
 48 |                 a.slice()[0].set(i);
    |                 ^^^^^^^^^^^^^^^^^^^
    = help: retags occur on all (re)borrows and as well as when references are copied or moved
    = help: retags permit optimizations that insert speculative reads or writes
    = help: therefore from the perspective of data races, a retag has the same implications as a read or write
    = help: this indicates a bug in the program: it performed an invalid operation, and caused Undefined Behavior
    = help: see https://doc.rust-lang.org/nightly/reference/behavior-considered-undefined.html for further information
    = note: this is on thread `unnamed-2`
    = note: stack backtrace:
            0: std::cell::Cell::<u32>::replace
                at /home/ubuntu/.rustup/toolchains/nightly-x86_64-unknown-linux-gnu/lib/rustlib/src/rust/library/core/src/cell.rs:513:31: 513:53
            1: std::cell::Cell::<u32>::set
                at /home/ubuntu/.rustup/toolchains/nightly-x86_64-unknown-linux-gnu/lib/rustlib/src/rust/library/core/src/cell.rs:437:9: 437:26
            2: main::{closure#0}::{closure#1}
                at src/main.rs:53:17: 53:36
note: the last function in that backtrace got called indirectly due to this code
   --> src/main.rs:51:9
    |
 51 | /         scope.spawn(move || {
 52 | |             for i in 100..200 {
 53 | |                 b.slice()[0].set(i);
 54 | |             }
 55 | |         });
    | |__________^

note: some details are omitted, run with `MIRIFLAGS=-Zmiri-backtrace=full` for a verbose backtrace

error: aborting due to 1 previous error

