    Finished `dev` profile [unoptimized + debuginfo] target(s) in 0.01s
     Running `/home/ubuntu/.rustup/toolchains/nightly-x86_64-unknown-linux-gnu/bin/cargo-miri runner /tmp/cargo-target/miri/x86_64-unknown-linux-gnu/debug/exp_006_meta_origin_invalid_tag`
warning: variants `Local` and `Tarball` are never constructed
 --> src/main.rs:4:5
  |
3 | enum Origin {
  |      ------ variants in this enum
4 |     Local = 0,
  |     ^^^^^
5 |     Npm = 1,
6 |     Tarball = 2,
  |     ^^^^^^^
  |
  = note: `Origin` has derived impls for the traits `Debug` and `Clone`, but these are intentionally ignored during dead code analysis
  = note: `#[warn(dead_code)]` (part of `#[warn(unused)]`) on by default

error: Undefined Behavior: constructing invalid value of type Origin: at .<enum-tag>, encountered 0x2a, but expected a valid enum tag
  --> src/main.rs:12:14
   |
12 |     unsafe { core::ptr::read(bytes.as_ptr().cast::<Origin>()) }
   |              ^^^^^^^^^^^^^^^^^^^^^^^^^^^^^^^^^^^^^^^^^^^^^^^^ Undefined Behavior occurred here
   |
   = help: this indicates a bug in the program: it performed an invalid operation, and caused Undefined Behavior
   = help: see https://doc.rust-lang.org/nightly/reference/behavior-considered-undefined.html for further information
   = note: stack backtrace:
           0: read_from_lockfile_bytes
               at src/main.rs:12:14: 12:62
           1: main
               at src/main.rs:17:18: 17:59

note: some details are omitted, run with `MIRIFLAGS=-Zmiri-backtrace=full` for a verbose backtrace

error: aborting due to 1 previous error; 1 warning emitted

