   Compiling exp_083_shell_io_sync_unsound v0.1.0 (/data/projects/bun/.ub-exorcism/2026-05-15-exhaustive/experiments/EXP-083)
    Finished `dev` profile [unoptimized + debuginfo] target(s) in 0.03s
     Running `/home/ubuntu/.rustup/toolchains/nightly-x86_64-unknown-linux-gnu/bin/cargo-miri runner /tmp/cargo-target/miri/x86_64-unknown-linux-gnu/debug/exp_083_shell_io_sync_unsound`
error: Undefined Behavior: not granting access to tag <6885> because that would remove [Unique for <6796>] which is strongly protected
  --> src/main.rs:27:30
   |
27 |         let state = unsafe { &mut *self.state.get() };
   |                              ^^^^^^^^^^^^^^^^^^^^^^ Undefined Behavior occurred here
   |
   = help: this indicates a potential bug in the program: it performed an invalid operation, but the Stacked Borrows rules it violated are still experimental
   = help: see https://github.com/rust-lang/unsafe-code-guidelines/blob/master/wip/stacked-borrows.md for further information
help: <6885> was created by a SharedReadWrite retag at offsets [0x10..0x28]
  --> src/main.rs:27:36
   |
27 |         let state = unsafe { &mut *self.state.get() };
   |                                    ^^^^^^^^^^^^^^^^
help: <6796> is this argument
  --> src/main.rs:28:9
   |
28 |         state.buf.push(byte);
   |         ^^^^^^^^^^^^^^^^^^^^
   = note: this is on thread `unnamed-1`
   = note: stack backtrace:
           0: IOWriterShape::enqueue
               at src/main.rs:27:30: 27:52
           1: main::{closure#0}
               at src/main.rs:42:13: 42:33
note: the last function in that backtrace got called indirectly due to this code
  --> src/main.rs:40:20
   |
40 |           joins.push(thread::spawn(move || {
   |  ____________________^
41 | |             barrier.wait();
42 | |             writer.enqueue(byte);
43 | |         }));
   | |__________^

note: some details are omitted, run with `MIRIFLAGS=-Zmiri-backtrace=full` for a verbose backtrace

error: aborting due to 1 previous error

