    Finished `dev` profile [unoptimized + debuginfo] target(s) in 0.01s
     Running `/home/ubuntu/.rustup/toolchains/nightly-x86_64-unknown-linux-gnu/bin/cargo-miri runner /tmp/cargo-target/miri/x86_64-unknown-linux-gnu/debug/exp-103-proxy-tunnel-raw-capture-first on-writable-bad`
error: Undefined Behavior: reborrow through <1437> at alloc754[0x0] is forbidden
   --> src/main.rs:112:18
    |
112 |         unsafe { &mut (*this.as_ptr()).write_buffer }
    |                  ^^^^^^^^^^^^^^^^^^^^^^^^^^^^^^^^^^ Undefined Behavior occurred here
    |
    = help: this indicates a potential bug in the program: it performed an invalid operation, but the Tree Borrows rules it violated are still experimental
    = help: see https://github.com/rust-lang/unsafe-code-guidelines/blob/master/wip/tree-borrows.md for further information
    = help: the accessed tag <1437> is foreign to the protected tag <1526> (i.e., it is not a child)
    = help: this reborrow (acting as a foreign read access) would cause the protected tag <1526> (currently Unique) to become Disabled
    = help: protected tags must never be Disabled
help: the accessed tag <1437> was created here
   --> src/main.rs:57:32
    |
 57 |         let ctx = NonNull::new(Box::into_raw(tunnel)).unwrap();
    |                                ^^^^^^^^^^^^^^^^^^^^^
help: the protected tag <1526> was created here, in the initial state Reserved
   --> src/main.rs:64:20
    |
 64 |     fn on_writable(&mut self) {
    |                    ^^^^^^^^^
help: the protected tag <1526> later transitioned to Unique due to a child write access at offsets [0x0..0x8]
   --> src/main.rs:72:13
    |
 72 |             write_buffer.extend_from_slice(b"socket-drain");
    |             ^^^^^^^^^^^^^^^^^^^^^^^^^^^^^^^^^^^^^^^^^^^^^^^
    = help: this transition corresponds to the first write to a 2-phase borrowed mutable reference
    = note: stack backtrace:
            0: Tunnel::write_buffer_of
                at src/main.rs:112:18: 112:52
            1: write_encrypted
                at src/main.rs:125:14: 125:42
            2: Wrapper::flush
                at src/main.rs:39:9: 39:46
            3: Tunnel::on_writable
                at src/main.rs:75:13: 75:28
            4: main
                at src/main.rs:139:39: 139:76

note: some details are omitted, run with `MIRIFLAGS=-Zmiri-backtrace=full` for a verbose backtrace

error: aborting due to 1 previous error

