   Compiling exp_027_windows_dir_iterator_rawslice v0.0.0 (/data/projects/bun/.ub-exorcism/2026-05-15-exhaustive/experiments/EXP-027)
    Finished `dev` profile [unoptimized + debuginfo] target(s) in 0.04s
     Running `/home/ubuntu/.rustup/toolchains/nightly-x86_64-unknown-linux-gnu/bin/cargo-miri runner /tmp/cargo-target/miri/x86_64-unknown-linux-gnu/debug/exp_027_windows_dir_iterator_rawslice`
error: Undefined Behavior: pointer not dereferenceable: alloc109 has been freed, so this pointer is dangling
  --> src/main.rs:12:18
   |
12 |         unsafe { &*self.0 }
   |                  ^^^^^^^^ Undefined Behavior occurred here
   |
   = help: this indicates a bug in the program: it performed an invalid operation, and caused Undefined Behavior
   = help: see https://doc.rust-lang.org/nightly/reference/behavior-considered-undefined.html for further information
help: alloc109 was allocated here:
  --> src/main.rs:57:13
   |
57 |         let mut iter = FakeWindowsIterator {
   |             ^^^^^^^^
help: alloc109 was deallocated here:
  --> src/main.rs:61:5
   |
61 |     };
   |     ^
   = note: stack backtrace:
           0: RawSlice::<u16>::slice
               at src/main.rs:12:18: 12:26
           1: IteratorResultWName::slice
               at src/main.rs:25:9: 25:26
           2: main
               at src/main.rs:63:17: 63:43

note: some details are omitted, run with `MIRIFLAGS=-Zmiri-backtrace=full` for a verbose backtrace

error: aborting due to 1 previous error

