    Finished `dev` profile [unoptimized + debuginfo] target(s) in 0.01s
     Running `/home/ubuntu/.rustup/toolchains/nightly-x86_64-unknown-linux-gnu/bin/cargo-miri runner /tmp/cargo-target/miri/x86_64-unknown-linux-gnu/debug/exp-017-volatile-fnptr-publication-race`
error: Undefined Behavior: Data race detected between (1) non-atomic write on thread `unnamed-1` and (2) retag read of type `Request` on thread `unnamed-2` at alloc201+0x10
  --> src/main.rs:48:36
   |
48 |             let request = unsafe { &*reader.0.get() };
   |                                    ^^^^^^^^^^^^^^^^ (2) just happened here
   |
help: and (1) occurred earlier here
  --> src/main.rs:28:13
   |
28 |             core::ptr::write_volatile(&raw mut self.callback, cb);
   |             ^^^^^^^^^^^^^^^^^^^^^^^^^^^^^^^^^^^^^^^^^^^^^^^^^^^^^
   = help: retags occur on all (re)borrows and as well as when references are copied or moved
   = help: retags permit optimizations that insert speculative reads or writes
   = help: therefore from the perspective of data races, a retag has the same implications as a read or write
   = help: this indicates a bug in the program: it performed an invalid operation, and caused Undefined Behavior
   = help: see https://doc.rust-lang.org/nightly/reference/behavior-considered-undefined.html for further information
   = note: this is on thread `unnamed-2`
note: the current function got called indirectly due to this code
  --> src/main.rs:47:9
   |
47 | /         scope.spawn(move || {
48 | |             let request = unsafe { &*reader.0.get() };
49 | |             let cb = request.callback;
50 | |             core::hint::black_box(cb());
51 | |         });
   | |__________^

note: some details are omitted, run with `MIRIFLAGS=-Zmiri-backtrace=full` for a verbose backtrace

error: aborting due to 1 previous error

