   Compiling exp-073-copyfile-event-loop-shared-to-mut v0.1.0 (/data/projects/bun/.ub-exorcism/2026-05-15-exhaustive/experiments/EXP-073)
    Finished `dev` profile [unoptimized + debuginfo] target(s) in 0.04s
     Running `/home/ubuntu/.rustup/toolchains/nightly-x86_64-unknown-linux-gnu/bin/cargo-miri runner /tmp/cargo-target/miri/x86_64-unknown-linux-gnu/debug/exp-073-copyfile-event-loop-shared-to-mut`
error: Undefined Behavior: write access through <232> at alloc107[0x0] is forbidden
  --> src/main.rs:9:9
   |
 9 |         self.entered_event_loop_count += 1;
   |         ^^^^^^^^^^^^^^^^^^^^^^^^^^^^^^^^^^ Undefined Behavior occurred here
   |
   = help: this indicates a potential bug in the program: it performed an invalid operation, but the Tree Borrows rules it violated are still experimental
   = help: see https://github.com/rust-lang/unsafe-code-guidelines/blob/master/wip/tree-borrows.md for further information
   = help: the accessed tag <232> is a child of the conflicting tag <228>
   = help: the conflicting tag <228> has state Frozen which forbids this child write access
help: the accessed tag <232> was created here
  --> src/main.rs:8:14
   |
 8 |     fn enter(&mut self) {
   |              ^^^^^^^^^
help: the conflicting tag <228> was created here, in the initial state Frozen
  --> src/main.rs:45:20
   |
45 |     let mut copy = CopyFileWindowsShape { event_loop: &loop_ };
   |                    ^^^^^^^^^^^^^^^^^^^^^^^^^^^^^^^^^^^^^^^^^^^
   = note: stack backtrace:
           0: EventLoop::enter
               at src/main.rs:9:9: 9:43
           1: EventLoop::enter_scope
               at src/main.rs:13:18: 13:34
           2: CopyFileWindowsShape::<'_>::resolve_promise
               at src/main.rs:37:22: 37:99
           3: main
               at src/main.rs:46:5: 46:27

note: some details are omitted, run with `MIRIFLAGS=-Zmiri-backtrace=full` for a verbose backtrace

error: aborting due to 1 previous error

