   Compiling exp_057_caller_chosen_lifetime v0.0.1 (/data/projects/bun/.ub-exorcism/2026-05-15-exhaustive/experiments/EXP-057)
    Finished `dev` profile [unoptimized + debuginfo] target(s) in 0.03s
     Running `/home/ubuntu/.rustup/toolchains/nightly-x86_64-unknown-linux-gnu/bin/cargo-miri runner /tmp/cargo-target/miri/x86_64-unknown-linux-gnu/debug/repro`
error: Undefined Behavior: write access through <354> at alloc193[0x0] is forbidden
  --> src/main.rs:45:5
   |
45 |     b.x = 2; // ← Miri-TB: write access through disabled tag.
   |     ^^^^^^^ Undefined Behavior occurred here
   |
   = help: this indicates a potential bug in the program: it performed an invalid operation, but the Tree Borrows rules it violated are still experimental
   = help: see https://github.com/rust-lang/unsafe-code-guidelines/blob/master/wip/tree-borrows.md for further information
   = help: the accessed tag <354> has state Disabled which forbids this child write access
help: the accessed tag <354> was created here, in the initial state Reserved
  --> src/main.rs:39:13
   |
39 |     let b = c.inner_mut();
   |             ^^^^^^^^^^^^^
help: the accessed tag <354> later transitioned to Disabled due to a foreign write access at offsets [0x0..0x4]
  --> src/main.rs:44:5
   |
44 |     a.x = 1;
   |     ^^^^^^^
   = help: this transition corresponds to a loss of read and write permissions

note: some details are omitted, run with `MIRIFLAGS=-Zmiri-backtrace=full` for a verbose backtrace

error: aborting due to 1 previous error

