   Compiling exp-089-uninit-array-assume-init v0.1.0 (/data/projects/bun/.ub-exorcism/2026-05-15-exhaustive/experiments/EXP-089)
    Finished `dev` profile [unoptimized + debuginfo] target(s) in 0.04s
     Running `/home/ubuntu/.rustup/toolchains/nightly-x86_64-unknown-linux-gnu/bin/cargo-miri runner /tmp/cargo-target/miri/x86_64-unknown-linux-gnu/debug/exp-089-uninit-array-assume-init`
warning: the type `PathBuffer` does not permit being left uninitialized
  --> src/main.rs:13:14
   |
13 |     unsafe { MaybeUninit::uninit().assume_init() }
   |              ^^^^^^^^^^^^^^^^^^^^^^^^^^^^^^^^^^^
   |              |
   |              this code causes undefined behavior when executed
   |              help: use `MaybeUninit<T>` instead, and only call `assume_init` after initialization is done
   |
note: integers must be initialized (in this struct field)
  --> src/main.rs:4:19
   |
 4 | struct PathBuffer([u8; 4]);
   |                   ^^^^^^^
   = note: `#[warn(invalid_value)]` on by default

warning: the type `WPathBuffer` does not permit being left uninitialized
  --> src/main.rs:18:14
   |
18 |     unsafe { MaybeUninit::uninit().assume_init() }
   |              ^^^^^^^^^^^^^^^^^^^^^^^^^^^^^^^^^^^
   |              |
   |              this code causes undefined behavior when executed
   |              help: use `MaybeUninit<T>` instead, and only call `assume_init` after initialization is done
   |
note: integers must be initialized (in this struct field)
  --> src/main.rs:7:20
   |
 7 | struct WPathBuffer([u16; 4]);
   |                    ^^^^^^^^

warning: the type `[u32; 4]` does not permit being left uninitialized
  --> src/main.rs:23:14
   |
23 |     unsafe { MaybeUninit::uninit().assume_init() }
   |              ^^^^^^^^^^^^^^^^^^^^^^^^^^^^^^^^^^^
   |              |
   |              this code causes undefined behavior when executed
   |              help: use `MaybeUninit<T>` instead, and only call `assume_init` after initialization is done
   |
   = note: integers must be initialized

error: Undefined Behavior: constructing invalid value of type PathBuffer: at .0[0], encountered uninitialized memory, but expected an integer
  --> src/main.rs:13:14
   |
13 |     unsafe { MaybeUninit::uninit().assume_init() }
   |              ^^^^^^^^^^^^^^^^^^^^^^^^^^^^^^^^^^^ Undefined Behavior occurred here
   |
   = help: this indicates a bug in the program: it performed an invalid operation, and caused Undefined Behavior
   = help: see https://doc.rust-lang.org/nightly/reference/behavior-considered-undefined.html for further information
   = note: stack backtrace:
           0: path_buffer_uninit
               at src/main.rs:13:14: 13:49
           1: main
               at src/main.rs:27:16: 27:36

note: some details are omitted, run with `MIRIFLAGS=-Zmiri-backtrace=full` for a verbose backtrace

error: aborting due to 1 previous error; 3 warnings emitted

