    Finished `dev` profile [unoptimized + debuginfo] target(s) in 0.01s
     Running `/home/ubuntu/.rustup/toolchains/nightly-x86_64-unknown-linux-gnu/bin/cargo-miri runner /tmp/cargo-target/miri/x86_64-unknown-linux-gnu/debug/exp-107-rare-data-watcher-reentry`
error: Undefined Behavior: reborrow through <991> at alloc566[0x10] is forbidden
  --> src/main.rs:49:25
   |
49 |     let rare = unsafe { &mut *(ctx.cast::<RareData>()) };
   |                         ^^^^^^^^^^^^^^^^^^^^^^^^^^^^^^ Undefined Behavior occurred here
   |
   = help: this indicates a potential bug in the program: it performed an invalid operation, but the Tree Borrows rules it violated are still experimental
   = help: see https://github.com/rust-lang/unsafe-code-guidelines/blob/master/wip/tree-borrows.md for further information
   = help: the accessed tag <991> is foreign to the protected tag <1170> (i.e., it is not a child)
   = help: this reborrow (acting as a foreign read access) would cause the protected tag <1170> (currently Unique) to become Disabled
   = help: protected tags must never be Disabled
help: the accessed tag <991> was created here
  --> src/main.rs:59:15
   |
59 |     let raw = Box::into_raw(Box::new(RareData::default()));
   |               ^^^^^^^^^^^^^^^^^^^^^^^^^^^^^^^^^^^^^^^^^^^^
help: the protected tag <1170> was created here, in the initial state Reserved
  --> src/main.rs:26:45
   |
26 |     fn close_all_watchers_for_isolation_bad(&mut self) {
   |                                             ^^^^^^^^^
help: the protected tag <1170> later transitioned to Unique due to a child write access at offsets [0x10..0x18]
  --> src/main.rs:29:27
   |
29 |             let Some(w) = (unsafe { &mut (*this).fs_watchers_for_isolation }).pop() else {
   |                           ^^^^^^^^^^^^^^^^^^^^^^^^^^^^^^^^^^^^^^^^^^^^^^^^^^^^^^^^^
   = help: this transition corresponds to the first write to a 2-phase borrowed mutable reference
   = note: stack backtrace:
           0: reenter_and_push
               at src/main.rs:49:25: 49:55
           1: RareData::close_all_watchers_for_isolation_bad
               at src/main.rs:32:22: 32:38
           2: bad_path
               at src/main.rs:62:9: 62:54
           3: main
               at src/main.rs:79:14: 79:24

note: some details are omitted, run with `MIRIFLAGS=-Zmiri-backtrace=full` for a verbose backtrace

error: aborting due to 1 previous error

