    Finished `dev` profile [unoptimized + debuginfo] target(s) in 0.01s
     Running `/home/ubuntu/.rustup/toolchains/nightly-x86_64-unknown-linux-gnu/bin/cargo-miri runner /tmp/cargo-target/miri/x86_64-unknown-linux-gnu/debug/repro`
error: Undefined Behavior: reading memory at alloc109[0x0..0x1], but memory is uninitialized at [0x0..0x1], and this operation requires initialized memory
  --> src/main.rs:32:29
   |
32 |     if std::hint::black_box(slice[0]) {
   |                             ^^^^^^^^ Undefined Behavior occurred here
   |
   = help: this indicates a bug in the program: it performed an invalid operation, and caused Undefined Behavior
   = help: see https://doc.rust-lang.org/nightly/reference/behavior-considered-undefined.html for further information
   = note: stack backtrace:
           0: channel_read_items_shape
               at src/main.rs:32:29: 32:37
           1: main
               at src/main.rs:38:5: 38:31

Uninitialized memory occurred at alloc109[0x0..0x1], in this allocation:
alloc109 (stack variable, size: 1, align: 1) {
    __                                              │ ░
}

note: some details are omitted, run with `MIRIFLAGS=-Zmiri-backtrace=full` for a verbose backtrace

error: aborting due to 1 previous error

