[verify-runbook] step 1: prerequisite check
  PASS
[verify-runbook] step 2: bootstrap vendor sources
[skip] boringssl: vendor/boringssl already populated (tarball-extracted or other; not a git clone)
[skip] brotli: vendor/brotli already populated (tarball-extracted or other; not a git clone)
[skip] cares: vendor/cares already populated (tarball-extracted or other; not a git clone)
[skip] hdrhistogram: vendor/hdrhistogram already populated (tarball-extracted or other; not a git clone)
[skip] highway: vendor/highway already populated (tarball-extracted or other; not a git clone)
[skip] index: no COMMIT found in scripts/build/deps/index.ts
[skip] libarchive: vendor/libarchive already populated (tarball-extracted or other; not a git clone)
[skip] libdeflate: vendor/libdeflate already populated (tarball-extracted or other; not a git clone)
[skip] libjpeg-turbo: vendor/libjpeg-turbo already populated (tarball-extracted or other; not a git clone)
[skip] libspng: vendor/libspng already populated (tarball-extracted or other; not a git clone)
[skip] libuv: vendor/libuv already cloned
[skip] libwebp: vendor/libwebp already populated (tarball-extracted or other; not a git clone)
[skip] lolhtml: vendor/lolhtml already populated (tarball-extracted or other; not a git clone)
[skip] lshpack: vendor/lshpack already populated (tarball-extracted or other; not a git clone)
[skip] lsqpack: vendor/lsqpack already populated (tarball-extracted or other; not a git clone)
[skip] lsquic: vendor/lsquic already populated (tarball-extracted or other; not a git clone)
[skip] mimalloc: vendor/mimalloc already populated (tarball-extracted or other; not a git clone)
[skip] nodejs-headers: no COMMIT found in scripts/build/deps/nodejs-headers.ts
[skip] picohttpparser: vendor/picohttpparser already populated (tarball-extracted or other; not a git clone)
[skip] sqlite: no COMMIT found in scripts/build/deps/sqlite.ts
[skip] tinycc: vendor/tinycc already populated (tarball-extracted or other; not a git clone)
[skip] webkit: no COMMIT found in scripts/build/deps/webkit.ts
[skip] zlib: vendor/zlib already populated (tarball-extracted or other; not a git clone)
[skip] zstd: vendor/zstd already populated (tarball-extracted or other; not a git clone)

Summary: bootstrap=0 skip=24 fail=0
  PASS
[verify-runbook] step 3: bun bd --configure-only
$ BUN_DEBUG_QUIET_LOGS=1 bun scripts/build.ts --profile=debug --quiet --configure-only
info: syncing channel updates for nightly-2026-05-06-x86_64-unknown-linux-gnu
info: latest update on 2026-05-06 for version 1.97.0-nightly (e95e73209 2026-05-05)
info: component rust-src is up to date
info: checking for self-update (current version: 1.29.0)
run: ninja -C /data/projects/bun/build/debug
  done
[verify-runbook] step 4: ninja codegen
ninja: Entering directory `build/debug'
ninja: no work to do.
  PASS
[verify-runbook] step 5: cargo check --workspace
   Compiling lol_html_c_api v1.3.1 (/data/projects/bun/vendor/lolhtml/c-api)
    Checking proc-macro2 v1.0.106
    Checking lol_html v2.7.2 (/data/projects/bun/vendor/lolhtml)
    Checking bun_meta v0.0.0 (/data/projects/bun/src/meta)
    Checking bun_node-fallbacks v0.0.0 (/data/projects/bun/src/node-fallbacks)
    Checking bun_picohttp_sys v0.0.0 (/data/projects/bun/src/picohttp_sys)
warning: unreachable `pub` item
    --> src/bun_core/output.rs:1647:9
     |
1647 |         pub static $name: $crate::output::ScopedLogger = $crate::output::ScopedLogger::new(
     |         ---^^^^^^^^^^^^^^^^^^^^^^^^^^^^^^^^^^^^^^^^^^^
     |         |
     |         help: consider restricting its visibility: `pub(super)`
     |
    ::: src/bun_core/string/immutable/unicode.rs:23:1
     |
  23 | crate::declare_scope!(strings, hidden);
     | -------------------------------------- in this macro invocation
     |
     = help: or consider exporting it for use by other crates
note: the lint level is defined here
    --> src/bun_core/lib.rs:11:26
     |
  11 | #![warn(unused_must_use, unreachable_pub)]
     |                          ^^^^^^^^^^^^^^^
     = note: this warning originates in the macro `crate::declare_scope` (in Nightly builds, run with -Z macro-backtrace for more info)

warning: unreachable `pub` item
    --> src/bun_core/string/immutable/unicode.rs:1507:5
     |
1506 | pub use crate::strings::{
     | --- help: consider restricting its visibility: `pub(super)`
1507 |     U16_SURROGATE_OFFSET, decode_surrogate_pair, decode_utf16_with_fffd, decode_wtf16_raw,
     |     ^^^^^^^^^^^^^^^^^^^^
     |
     = help: or consider exporting it for use by other crates

warning: unreachable `pub` item
    --> src/bun_core/string/immutable/unicode.rs:1507:27
     |
1506 | pub use crate::strings::{
     | --- help: consider restricting its visibility: `pub(super)`
1507 |     U16_SURROGATE_OFFSET, decode_surrogate_pair, decode_utf16_with_fffd, decode_wtf16_raw,
     |                           ^^^^^^^^^^^^^^^^^^^^^
     |
     = help: or consider exporting it for use by other crates

warning: unreachable `pub` item
    --> src/bun_core/string/immutable/unicode.rs:1507:50
     |
1506 | pub use crate::strings::{
     | --- help: consider restricting its visibility: `pub(super)`
1507 |     U16_SURROGATE_OFFSET, decode_surrogate_pair, decode_utf16_with_fffd, decode_wtf16_raw,
     |                                                  ^^^^^^^^^^^^^^^^^^^^^^
     |
     = help: or consider exporting it for use by other crates

warning: unreachable `pub` item
    --> src/bun_core/string/immutable/unicode.rs:1507:74
     |
1506 | pub use crate::strings::{
     | --- help: consider restricting its visibility: `pub(super)`
1507 |     U16_SURROGATE_OFFSET, decode_surrogate_pair, decode_utf16_with_fffd, decode_wtf16_raw,
     |                                                                          ^^^^^^^^^^^^^^^^
     |
     = help: or consider exporting it for use by other crates

warning: unreachable `pub` item
    --> src/bun_core/string/immutable/unicode.rs:1508:5
     |
1506 | pub use crate::strings::{
     | --- help: consider restricting its visibility: `pub(super)`
1507 |     U16_SURROGATE_OFFSET, decode_surrogate_pair, decode_utf16_with_fffd, decode_wtf16_raw,
1508 |     u16_get_supplementary, u16_is_lead, u16_is_surrogate, u16_is_trail,
     |     ^^^^^^^^^^^^^^^^^^^^^
     |
     = help: or consider exporting it for use by other crates

warning: unreachable `pub` item
    --> src/bun_core/string/immutable/unicode.rs:1508:41
     |
1506 | pub use crate::strings::{
     | --- help: consider restricting its visibility: `pub(super)`
1507 |     U16_SURROGATE_OFFSET, decode_surrogate_pair, decode_utf16_with_fffd, decode_wtf16_raw,
1508 |     u16_get_supplementary, u16_is_lead, u16_is_surrogate, u16_is_trail,
     |                                         ^^^^^^^^^^^^^^^^
     |
     = help: or consider exporting it for use by other crates

warning: unreachable `pub` item
    --> src/bun_core/lib.rs:2159:5
     |
2159 |     pub fn is_ip_address(input: &[u8]) -> bool {
     |     ---^^^^^^^^^^^^^^^^^^^^^^^^^^^^^^^^^^^^^^^
     |     |
     |     help: consider restricting its visibility: `pub(crate)`
     |
     = help: or consider exporting it for use by other crates

warning: `bun_core` (lib) generated 8 warnings (run `cargo fix --lib -p bun_core` to apply 7 suggestions)
warning: ambiguous glob re-exports
  --> src/paths/lib.rs:39:13
   |
39 |     pub use super::string_paths::*;
   |             ^^^^^^^^^^^^^^^^^^^^^^ the name `is_windows_absolute_path_missing_drive_letter` in the value namespace is first re-exported here
40 |     pub use bun_core::strings::*;
   |             -------------------- but the name `is_windows_absolute_path_missing_drive_letter` in the value namespace is also re-exported here
   |
   = note: `#[warn(ambiguous_glob_reexports)]` on by default

warning: ambiguous glob re-exports
  --> src/paths/lib.rs:39:13
   |
39 |     pub use super::string_paths::*;
   |             ^^^^^^^^^^^^^^^^^^^^^^ the name `basename` in the value namespace is first re-exported here
40 |     pub use bun_core::strings::*;
   |             -------------------- but the name `basename` in the value namespace is also re-exported here

    Checking bun_platform v0.0.0 (/data/projects/bun/src/platform)
    Checking bun_codegen v0.0.0 (/data/projects/bun/src/codegen)
    Checking bun_libarchive_sys v0.0.0 (/data/projects/bun/src/libarchive_sys)
warning: `bun_paths` (lib) generated 2 warnings
warning: unused import: `strings`
  --> src/ast/expr.rs:13:22
   |
13 | use bun_core::{ZStr, strings};
   |                      ^^^^^^^
   |
   = note: `#[warn(unused_imports)]` (part of `#[warn(unused)]`) on by default

    Checking bun_unicode v0.0.0 (/data/projects/bun/src/unicode)
warning: `bun_ast` (lib) generated 1 warning (run `cargo fix --lib -p bun_ast` to apply 1 suggestion)
warning: unreachable `pub` item
  --> src/sql/postgres/SocketMonitor.rs:21:9
   |
21 |           pub static ENABLED: AtomicBool = AtomicBool::new(false);
   |           ---^^^^^^^^^^^^^^^^^^^^^^^^^^^
   |           |
   |           help: consider restricting its visibility: `pub(super)`
...
53 | /     debug_socket_monitor!(
54 | |         bun_core::env_var::BUN_POSTGRES_SOCKET_MONITOR,
55 | |         "writing to {}"
56 | |     );
   | |_____- in this macro invocation
   |
   = help: or consider exporting it for use by other crates
note: the lint level is defined here
  --> src/sql/lib.rs:9:9
   |
 9 | #![warn(unreachable_pub)]
   |         ^^^^^^^^^^^^^^^
   = note: this warning originates in the macro `debug_socket_monitor` (in Nightly builds, run with -Z macro-backtrace for more info)

warning: unreachable `pub` item
  --> src/sql/postgres/SocketMonitor.rs:25:9
   |
25 |           pub static CHECK: Once = Once::new();
   |           ---^^^^^^^^^^^^^^^^^^^
   |           |
   |           help: consider restricting its visibility: `pub(super)`
...
53 | /     debug_socket_monitor!(
54 | |         bun_core::env_var::BUN_POSTGRES_SOCKET_MONITOR,
55 | |         "writing to {}"
56 | |     );
   | |_____- in this macro invocation
   |
   = help: or consider exporting it for use by other crates
   = note: this warning originates in the macro `debug_socket_monitor` (in Nightly builds, run with -Z macro-backtrace for more info)

warning: unreachable `pub` item
  --> src/sql/postgres/SocketMonitor.rs:27:9
   |
27 |           pub fn load() {
   |           ---^^^^^^^^^^
   |           |
   |           help: consider restricting its visibility: `pub(super)`
...
53 | /     debug_socket_monitor!(
54 | |         bun_core::env_var::BUN_POSTGRES_SOCKET_MONITOR,
55 | |         "writing to {}"
56 | |     );
   | |_____- in this macro invocation
   |
   = help: or consider exporting it for use by other crates
   = note: this warning originates in the macro `debug_socket_monitor` (in Nightly builds, run with -Z macro-backtrace for more info)

warning: unreachable `pub` item
  --> src/sql/postgres/SocketMonitor.rs:43:9
   |
43 |           pub fn write(data: &[u8]) {
   |           ---^^^^^^^^^^^^^^^^^^^^^^
   |           |
   |           help: consider restricting its visibility: `pub(super)`
...
53 | /     debug_socket_monitor!(
54 | |         bun_core::env_var::BUN_POSTGRES_SOCKET_MONITOR,
55 | |         "writing to {}"
56 | |     );
   | |_____- in this macro invocation
   |
   = help: or consider exporting it for use by other crates
   = note: this warning originates in the macro `debug_socket_monitor` (in Nightly builds, run with -Z macro-backtrace for more info)

warning: unreachable `pub` item
  --> src/sql/postgres/SocketMonitor.rs:21:9
   |
21 |           pub static ENABLED: AtomicBool = AtomicBool::new(false);
   |           ---^^^^^^^^^^^^^^^^^^^^^^^^^^^
   |           |
   |           help: consider restricting its visibility: `pub(super)`
...
61 | /     debug_socket_monitor!(
62 | |         bun_core::env_var::BUN_POSTGRES_SOCKET_MONITOR_READER,
63 | |         "duplicating reads to {}"
64 | |     );
   | |_____- in this macro invocation
   |
   = help: or consider exporting it for use by other crates
   = note: this warning originates in the macro `debug_socket_monitor` (in Nightly builds, run with -Z macro-backtrace for more info)

warning: unreachable `pub` item
  --> src/sql/postgres/SocketMonitor.rs:25:9
   |
25 |           pub static CHECK: Once = Once::new();
   |           ---^^^^^^^^^^^^^^^^^^^
   |           |
   |           help: consider restricting its visibility: `pub(super)`
...
61 | /     debug_socket_monitor!(
62 | |         bun_core::env_var::BUN_POSTGRES_SOCKET_MONITOR_READER,
63 | |         "duplicating reads to {}"
64 | |     );
   | |_____- in this macro invocation
   |
   = help: or consider exporting it for use by other crates
   = note: this warning originates in the macro `debug_socket_monitor` (in Nightly builds, run with -Z macro-backtrace for more info)

warning: unreachable `pub` item
  --> src/sql/postgres/SocketMonitor.rs:27:9
   |
27 |           pub fn load() {
   |           ---^^^^^^^^^^
   |           |
   |           help: consider restricting its visibility: `pub(super)`
...
61 | /     debug_socket_monitor!(
62 | |         bun_core::env_var::BUN_POSTGRES_SOCKET_MONITOR_READER,
63 | |         "duplicating reads to {}"
64 | |     );
   | |_____- in this macro invocation
   |
   = help: or consider exporting it for use by other crates
   = note: this warning originates in the macro `debug_socket_monitor` (in Nightly builds, run with -Z macro-backtrace for more info)

warning: unreachable `pub` item
  --> src/sql/postgres/SocketMonitor.rs:43:9
   |
43 |           pub fn write(data: &[u8]) {
   |           ---^^^^^^^^^^^^^^^^^^^^^^
   |           |
   |           help: consider restricting its visibility: `pub(super)`
...
61 | /     debug_socket_monitor!(
62 | |         bun_core::env_var::BUN_POSTGRES_SOCKET_MONITOR_READER,
63 | |         "duplicating reads to {}"
64 | |     );
   | |_____- in this macro invocation
   |
   = help: or consider exporting it for use by other crates
   = note: this warning originates in the macro `debug_socket_monitor` (in Nightly builds, run with -Z macro-backtrace for more info)

warning: `bun_sql` (lib) generated 8 warnings
warning: use of deprecated method `bun_collections::HiveArrayFallback::<T, CAPACITY>::get`: returns *mut T to uninitialized memory; use get_init / emplace / claim
   --> src/js_printer/renamer.rs:689:58
    |
689 |         let s: *mut NumberScope = self.number_scope_pool.get();
    |                                                          ^^^
    |
    = note: `#[warn(deprecated)]` on by default

warning: use of deprecated method `bun_collections::HiveArrayFallback::<T, CAPACITY>::get`: returns *mut T to uninitialized memory; use get_init / emplace / claim
   --> src/js_printer/renamer.rs:753:80
    |
753 |                 let new_child_scope: *mut NumberScope = self.number_scope_pool.get();
    |                                                                                ^^^

warning: unused import: `RefCounted`
 --> src/spawn/static_pipe_writer.rs:8:48
  |
8 | use bun_ptr::{IntrusiveRc, RawSlice, RefCount, RefCounted};
  |                                                ^^^^^^^^^^
  |
  = note: `#[warn(unused_imports)]` (part of `#[warn(unused)]`) on by default

warning: `bun_js_printer` (lib) generated 2 warnings
warning: `bun_spawn` (lib) generated 1 warning (run `cargo fix --lib -p bun_spawn` to apply 1 suggestion)
warning: unreachable `pub` item
   --> src/resolver/fs.rs:167:1
    |
167 | pub type EntryStoreBacking = allocators::BSSList<Entry, { preallocate::counts::FILES * 2 }>;
    | ---^^^^^^^^^^^^^^^^^^^^^^^
    | |
    | help: consider restricting its visibility: `pub(crate)`
    |
    = help: or consider exporting it for use by other crates
note: the lint level is defined here
   --> src/resolver/lib.rs:33:9
    |
 33 | #![warn(unreachable_pub)]
    |         ^^^^^^^^^^^^^^^

warning: `bun_resolver` (lib) generated 1 warning (run `cargo fix --lib -p bun_resolver` to apply 1 suggestion)
    Checking quote v1.0.45
    Checking syn v2.0.117
    Checking bun_lolhtml_sys v0.0.0 (/data/projects/bun/src/lolhtml_sys)
    Checking bun_bundler v0.0.0 (/data/projects/bun/src/bundler)
    Checking bun_clap_macros v0.0.0 (/data/projects/bun/src/clap_macros)
    Checking bun_core_macros v0.0.0 (/data/projects/bun/src/bun_core_macros)
    Checking bun_jsc_macros v0.0.0 (/data/projects/bun/src/jsc_macros)
    Checking bun_css_derive v0.0.0 (/data/projects/bun/src/css_derive)
    Checking bun_dispatch v0.0.0 (/data/projects/bun/src/dispatch)
    Checking bun_standalone_graph v0.0.0 (/data/projects/bun/src/standalone_graph)
    Checking bun_transpiler v0.0.0 (/data/projects/bun/src/transpiler)
    Checking bun_bunfig v0.0.0 (/data/projects/bun/src/bunfig)
    Checking bun_install v0.0.0 (/data/projects/bun/src/install)
warning: use of deprecated method `bun_collections::HiveArrayFallback::<T, CAPACITY>::get`: returns *mut T to uninitialized memory; use get_init / emplace / claim
   --> src/install/PackageManager/PackageManagerEnqueue.rs:358:48
    |
358 |     let task = this.preallocated_resolve_tasks.get();
    |                                                ^^^
    |
    = note: `#[warn(deprecated)]` on by default

warning: use of deprecated method `bun_collections::HiveArrayFallback::<T, CAPACITY>::get`: returns *mut T to uninitialized memory; use get_init / emplace / claim
    --> src/install/PackageManager/PackageManagerEnqueue.rs:1659:48
     |
1659 |     let task = this.preallocated_resolve_tasks.get();
     |                                                ^^^

warning: use of deprecated method `bun_collections::HiveArrayFallback::<T, CAPACITY>::get`: returns *mut T to uninitialized memory; use get_init / emplace / claim
    --> src/install/PackageManager/PackageManagerEnqueue.rs:1803:48
     |
1803 |     let task = this.preallocated_resolve_tasks.get();
     |                                                ^^^

warning: use of deprecated method `bun_collections::HiveArrayFallback::<T, CAPACITY>::get`: returns *mut T to uninitialized memory; use get_init / emplace / claim
    --> src/install/PackageManager/runTasks.rs:1711:37
     |
1711 |     this.preallocated_network_tasks.get()
     |                                     ^^^

warning: `bun_install` (lib) generated 4 warnings
    Checking bun_jsc v0.0.0 (/data/projects/bun/src/jsc)
warning: unnecessary `unsafe` block
    --> src/jsc/VirtualMachine.rs:1515:17
     |
1515 |                 unsafe { (hook.func)(hook.ctx) };
     |                 ^^^^^^ unnecessary `unsafe` block
     |
     = note: `#[warn(unused_unsafe)]` (part of `#[warn(unused)]`) on by default

warning: type `SecretsCtx` is more private than the item `SecretsJob`
  --> src/jsc/JSSecrets.rs:64:1
   |
64 | pub type SecretsJob = AnyTaskJob<SecretsCtx>;
   | ^^^^^^^^^^^^^^^^^^^ type alias `SecretsJob` is reachable at visibility `pub`
   |
note: but type `SecretsCtx` is only usable at visibility `pub(self)`
  --> src/jsc/JSSecrets.rs:23:1
   |
23 | struct SecretsCtx {
   | ^^^^^^^^^^^^^^^^^
   = note: `#[warn(private_interfaces)]` on by default

warning: `bun_jsc` (lib) generated 2 warnings
    Checking bun_ast_jsc v0.0.0 (/data/projects/bun/src/ast_jsc)
    Checking bun_js_parser_jsc v0.0.0 (/data/projects/bun/src/js_parser_jsc)
    Checking bun_sourcemap_jsc v0.0.0 (/data/projects/bun/src/sourcemap_jsc)
    Checking bun_sql_jsc v0.0.0 (/data/projects/bun/src/sql_jsc)
    Checking bun_patch_jsc v0.0.0 (/data/projects/bun/src/patch_jsc)
    Checking bun_css_jsc v0.0.0 (/data/projects/bun/src/css_jsc)
    Checking bun_bundler_jsc v0.0.0 (/data/projects/bun/src/bundler_jsc)
    Checking bun_semver_jsc v0.0.0 (/data/projects/bun/src/semver_jsc)
    Checking bun_sys_jsc v0.0.0 (/data/projects/bun/src/sys_jsc)
    Checking bun_http_jsc v0.0.0 (/data/projects/bun/src/http_jsc)
    Checking bun_url_jsc v0.0.0 (/data/projects/bun/src/url_jsc)
    Checking bun_install_jsc v0.0.0 (/data/projects/bun/src/install_jsc)
    Checking bun_runtime v0.0.0 (/data/projects/bun/src/runtime)
warning: use of deprecated method `bun_collections::HiveArrayFallback::<T, CAPACITY>::get`: returns *mut T to uninitialized memory; use get_init / emplace / claim
    --> src/runtime/server/server_body.rs:3415:54
     |
3415 |         let ctx_slot = unsafe { (*this.request_pool).get() };
     |                                                      ^^^
     |
     = note: `#[warn(deprecated)]` on by default

warning: use of deprecated method `bun_collections::HiveArrayFallback::<T, CAPACITY>::try_get`: returns *mut T to uninitialized memory; use get_init / emplace / claim
   --> src/runtime/server/mod.rs:705:56
    |
705 |         let ctx_slot = unsafe { (*server.request_pool).try_get() };
    |                                                        ^^^^^^^

