warning: /data/projects/bun/.ub-exorcism/2026-05-15-exhaustive/loom_models/concurrent_ref_swap_consistency/Cargo.toml: file `/data/projects/bun/.ub-exorcism/2026-05-15-exhaustive/loom_models/concurrent_ref_swap_consistency/src/main.rs` found to be present in multiple build targets:
  * `lib` target `loom_concurrent_ref_swap_consistency`
  * `bin` target `loom-concurrent-ref-swap-consistency`
warning: unexpected `cfg` condition name: `loom`
  --> src/main.rs:27:8
   |
27 | #![cfg(loom)]
   |        ^^^^
   |
   = help: expected names are: `docsrs`, `feature`, and `test` and 32 more
   = help: consider using a Cargo feature instead
   = help: or consider adding in `Cargo.toml` the `check-cfg` lint config for the lint:
            [lints.rust]
            unexpected_cfgs = { level = "warn", check-cfg = ['cfg(loom)'] }
   = help: or consider adding `println!("cargo::rustc-check-cfg=cfg(loom)");` to the top of the `build.rs`
   = note: see <https://doc.rust-lang.org/nightly/rustc/check-cfg/cargo-specifics.html> for more information about checking conditional configuration
   = note: `#[warn(unexpected_cfgs)]` on by default

warning: unused import: `loom::sync::Arc`
  --> src/main.rs:29:5
   |
29 | use loom::sync::Arc;
   |     ^^^^^^^^^^^^^^^
   |
   = note: `#[warn(unused_imports)]` (part of `#[warn(unused)]`) on by default

warning: unused import: `loom::thread`
  --> src/main.rs:31:5
   |
31 | use loom::thread;
   |     ^^^^^^^^^^^^

warning: struct `EventLoop` is never constructed
  --> src/main.rs:33:8
   |
33 | struct EventLoop {
   |        ^^^^^^^^^
   |
   = note: `#[warn(dead_code)]` (part of `#[warn(unused)]`) on by default

warning: associated items `new`, `ref_concurrent`, `unref_concurrent`, and `swap_delta` are never used
  --> src/main.rs:39:8
   |
38 | impl EventLoop {
   | -------------- associated items in this implementation
39 |     fn new() -> Self {
   |        ^^^
...
46 |     fn ref_concurrent(&self) {
   |        ^^^^^^^^^^^^^^
...
51 |     fn unref_concurrent(&self) {
   |        ^^^^^^^^^^^^^^^^
...
57 |     fn swap_delta(&self) -> i32 {
   |        ^^^^^^^^^^

warning: `loom-concurrent-ref-swap-consistency` (lib) generated 5 warnings (run `cargo fix --lib -p loom-concurrent-ref-swap-consistency` to apply 2 suggestions)
warning: `loom-concurrent-ref-swap-consistency` (lib test) generated 1 warning (1 duplicate)
warning: `loom-concurrent-ref-swap-consistency` (bin "loom-concurrent-ref-swap-consistency" test) generated 1 warning (1 duplicate)
    Finished `release` profile [optimized + debuginfo] target(s) in 0.03s
     Running unittests src/main.rs (/tmp/cargo-target/release/deps/loom_concurrent_ref_swap_consistency-d9986e0e870dc794)

running 3 tests
test loom_sanity_relaxed_swap_arithmetic_holds ... ignored
test loom_swap_skewed_producers ... ok
test loom_swap_captures_all_deltas ... ok

test result: ok. 2 passed; 0 failed; 1 ignored; 0 measured; 0 filtered out; finished in 0.29s

     Running unittests src/main.rs (/tmp/cargo-target/release/deps/loom_concurrent_ref_swap_consistency-fa02d37d1af16b67)

running 3 tests
test loom_sanity_relaxed_swap_arithmetic_holds ... ignored
test loom_swap_skewed_producers ... ok
test loom_swap_captures_all_deltas ... ok

test result: ok. 2 passed; 0 failed; 1 ignored; 0 measured; 0 filtered out; finished in 0.31s

   Doc-tests loom_concurrent_ref_swap_consistency

running 0 tests

test result: ok. 0 passed; 0 failed; 0 ignored; 0 measured; 0 filtered out; finished in 0.00s

