warning: /data/projects/bun/.ub-exorcism/2026-05-15-exhaustive/loom_models/pending_tasks_happens_before/Cargo.toml: file `/data/projects/bun/.ub-exorcism/2026-05-15-exhaustive/loom_models/pending_tasks_happens_before/src/main.rs` found to be present in multiple build targets:
  * `lib` target `loom_pending_tasks_happens_before`
  * `bin` target `loom-pending-tasks-happens-before`
warning: unexpected `cfg` condition name: `loom`
  --> src/main.rs:25:8
   |
25 | #![cfg(loom)]
   |        ^^^^
   |
   = help: expected names are: `docsrs`, `feature`, and `test` and 32 more
   = help: consider using a Cargo feature instead
   = help: or consider adding in `Cargo.toml` the `check-cfg` lint config for the lint:
            [lints.rust]
            unexpected_cfgs = { level = "warn", check-cfg = ['cfg(loom)'] }
   = help: or consider adding `println!("cargo::rustc-check-cfg=cfg(loom)");` to the top of the `build.rs`
   = note: see <https://doc.rust-lang.org/nightly/rustc/check-cfg/cargo-specifics.html> for more information about checking conditional configuration
   = note: `#[warn(unexpected_cfgs)]` on by default

warning: unused import: `loom::sync::Arc`
  --> src/main.rs:28:5
   |
28 | use loom::sync::Arc;
   |     ^^^^^^^^^^^^^^^
   |
   = note: `#[warn(unused_imports)]` (part of `#[warn(unused)]`) on by default

warning: unused import: `loom::thread`
  --> src/main.rs:30:5
   |
30 | use loom::thread;
   |     ^^^^^^^^^^^^

warning: struct `ResultSlot` is never constructed
  --> src/main.rs:34:8
   |
34 | struct ResultSlot {
   |        ^^^^^^^^^^
   |
   = note: `#[warn(dead_code)]` (part of `#[warn(unused)]`) on by default

warning: struct `PackageManager` is never constructed
  --> src/main.rs:44:8
   |
44 | struct PackageManager {
   |        ^^^^^^^^^^^^^^

warning: associated function `new` is never used
  --> src/main.rs:52:8
   |
51 | impl PackageManager {
   | ------------------- associated function in this implementation
52 |     fn new() -> Self {
   |        ^^^

warning: function `worker_complete` is never used
  --> src/main.rs:69:4
   |
69 | fn worker_complete(pm: &PackageManager, slot_idx: usize, value: u32) {
   |    ^^^^^^^^^^^^^^^

warning: function `main_poll_and_read` is never used
  --> src/main.rs:84:4
   |
84 | fn main_poll_and_read(pm: &PackageManager, expected: [u32; 2]) {
   |    ^^^^^^^^^^^^^^^^^^

warning: `loom-pending-tasks-happens-before` (lib) generated 8 warnings (run `cargo fix --lib -p loom-pending-tasks-happens-before` to apply 2 suggestions)
warning: `loom-pending-tasks-happens-before` (lib test) generated 1 warning (1 duplicate)
warning: `loom-pending-tasks-happens-before` (bin "loom-pending-tasks-happens-before" test) generated 1 warning (1 duplicate)
    Finished `release` profile [optimized + debuginfo] target(s) in 0.03s
     Running unittests src/main.rs (/tmp/cargo-target/release/deps/loom_pending_tasks_happens_before-cc259db3caa5c089)

running 2 tests
test loom_sanity_relaxed_should_race ... ignored
test loom_release_acquire_completion_gate ... ok

test result: ok. 1 passed; 0 failed; 1 ignored; 0 measured; 0 filtered out; finished in 0.79s

     Running unittests src/main.rs (/tmp/cargo-target/release/deps/loom_pending_tasks_happens_before-83078b14dcdf3eed)

running 2 tests
test loom_sanity_relaxed_should_race ... ignored
test loom_release_acquire_completion_gate ... ok

test result: ok. 1 passed; 0 failed; 1 ignored; 0 measured; 0 filtered out; finished in 0.80s

   Doc-tests loom_pending_tasks_happens_before

running 0 tests

test result: ok. 0 passed; 0 failed; 0 ignored; 0 measured; 0 filtered out; finished in 0.00s

